Log file open, 12/04/20 21:45:10
LogInit: Display: Running engine for game: Winter_Game_Jam
LogPlatformFile: Not using cached read wrapper
LogTaskGraph: Started task graph with 5 named threads and 23 total threads with 3 sets of task threads.
LogStats: Stats thread started at 0.262210
LogD3D11RHI: Loaded GFSDK_Aftermath_Lib.x64.dll
LogICUInternationalization: ICU TimeZone Detection - Raw Offset: -6:00, Platform Override: ''
LogPluginManager: Mounting plugin Paper2D
LogPluginManager: Mounting plugin AISupport
LogPluginManager: Mounting plugin LightPropagationVolume
LogPluginManager: Mounting plugin CameraShakePreviewer
LogPluginManager: Mounting plugin ActorLayerUtilities
LogPluginManager: Mounting plugin AnimationSharing
LogPluginManager: Mounting plugin CLionSourceCodeAccess
LogPluginManager: Mounting plugin CodeLiteSourceCodeAccess
LogPluginManager: Mounting plugin GitSourceControl
LogPluginManager: Mounting plugin KDevelopSourceCodeAccess
LogPluginManager: Mounting plugin NullSourceCodeAccess
LogPluginManager: Mounting plugin PerforceSourceControl
LogPluginManager: Mounting plugin PlasticSourceControl
LogPluginManager: Mounting plugin RiderSourceCodeAccess
LogPluginManager: Mounting plugin SubversionSourceControl
LogPluginManager: Mounting plugin UObjectPlugin
LogPluginManager: Mounting plugin VisualStudioCodeSourceCodeAccess
LogPluginManager: Mounting plugin VisualStudioSourceCodeAccess
LogPluginManager: Mounting plugin XCodeSourceCodeAccess
LogPluginManager: Mounting plugin AssetManagerEditor
LogPluginManager: Mounting plugin CryptoKeys
LogPluginManager: Mounting plugin CurveEditorTools
LogPluginManager: Mounting plugin DataValidation
LogPluginManager: Mounting plugin EditorScriptingUtilities
LogPluginManager: Mounting plugin FacialAnimation
LogPluginManager: Mounting plugin GameplayTagsEditor
LogPluginManager: Mounting plugin GeometryMode
LogPluginManager: Mounting plugin MacGraphicsSwitching
LogPluginManager: Mounting plugin MaterialAnalyzer
LogPluginManager: Mounting plugin MobileLauncherProfileWizard
LogPluginManager: Mounting plugin PluginBrowser
LogPluginManager: Mounting plugin SpeedTreeImporter
LogPluginManager: Mounting plugin DatasmithContent
LogPluginManager: Mounting plugin VariantManagerContent
LogPluginManager: Mounting plugin AlembicImporter
LogPluginManager: Mounting plugin AutomationUtils
LogPluginManager: Mounting plugin BackChannel
LogPluginManager: Mounting plugin ChaosCloth
LogPluginManager: Mounting plugin ChaosClothEditor
LogPluginManager: Mounting plugin ChaosEditor
LogPluginManager: Mounting plugin ChaosNiagara
LogPluginManager: Mounting plugin ChaosSolverPlugin
LogPluginManager: Mounting plugin CharacterAI
LogPluginManager: Mounting plugin GeometryCache
LogPluginManager: Mounting plugin GeometryCollectionPlugin
LogPluginManager: Mounting plugin GeometryProcessing
LogPluginManager: Mounting plugin PlanarCut
LogPluginManager: Mounting plugin PlatformCrypto
LogPluginManager: Mounting plugin ProxyLODPlugin
LogPluginManager: Mounting plugin SkeletalReduction
LogPluginManager: Mounting plugin Niagara
LogPluginManager: Mounting plugin MagicLeap
LogPluginManager: Mounting plugin MagicLeapLightEstimation
LogPluginManager: Mounting plugin MagicLeapMedia
LogPluginManager: Mounting plugin MagicLeapPassableWorld
LogPluginManager: Mounting plugin MLSDK
LogPluginManager: Mounting plugin AndroidMedia
LogPluginManager: Mounting plugin AvfMedia
LogPluginManager: Mounting plugin ImgMedia
LogPluginManager: Mounting plugin MediaCompositing
LogPluginManager: Mounting plugin MediaPlayerEditor
LogPluginManager: Mounting plugin WebMMedia
LogPluginManager: Mounting plugin WmfMedia
LogPluginManager: Mounting plugin MeshPainting
LogPluginManager: Mounting plugin TcpMessaging
LogPluginManager: Mounting plugin UdpMessaging
LogPluginManager: Mounting plugin ActorSequence
LogPluginManager: Mounting plugin LevelSequenceEditor
LogPluginManager: Mounting plugin MatineeToLevelSequence
LogPluginManager: Mounting plugin MovieRenderPipeline
LogPluginManager: Mounting plugin TemplateSequence
LogPluginManager: Mounting plugin NetcodeUnitTest
LogPluginManager: Mounting plugin NUTUnrealEngine4
LogPluginManager: Mounting plugin OnlineSubsystemGooglePlay
LogPluginManager: Mounting plugin OnlineSubsystemIOS
LogPluginManager: Mounting plugin OnlineSubsystem
LogPluginManager: Mounting plugin OnlineSubsystemNull
LogPluginManager: Mounting plugin OnlineSubsystemUtils
LogPluginManager: Mounting plugin LauncherChunkInstaller
LogPluginManager: Mounting plugin AndroidDeviceProfileSelector
LogPluginManager: Mounting plugin AndroidMoviePlayer
LogPluginManager: Mounting plugin AndroidPermission
LogPluginManager: Mounting plugin AppleImageUtils
LogPluginManager: Mounting plugin AppleMoviePlayer
LogPluginManager: Mounting plugin ArchVisCharacter
LogPluginManager: Mounting plugin AssetTags
LogPluginManager: Mounting plugin AudioCapture
LogPluginManager: Mounting plugin CableComponent
LogPluginManager: Mounting plugin CustomMeshComponent
LogPluginManager: Mounting plugin EditableMesh
LogPluginManager: Mounting plugin ExampleDeviceProfileSelector
LogPluginManager: Mounting plugin GoogleCloudMessaging
LogPluginManager: Mounting plugin GooglePAD
LogPluginManager: Mounting plugin IOSDeviceProfileSelector
LogPluginManager: Mounting plugin LinuxDeviceProfileSelector
LogPluginManager: Mounting plugin LocationServicesBPLibrary
LogPluginManager: Mounting plugin MobilePatchingUtils
LogPluginManager: Mounting plugin OculusVR
LogPluginManager: Mounting plugin PhysXVehicles
LogPluginManager: Mounting plugin PostSplashScreen
LogPluginManager: Mounting plugin ProceduralMeshComponent
LogPluginManager: Mounting plugin RuntimePhysXCooking
LogPluginManager: Mounting plugin SignificanceManager
LogPluginManager: Mounting plugin SoundFields
LogPluginManager: Mounting plugin SteamVR
LogPluginManager: Mounting plugin Synthesis
LogPluginManager: Mounting plugin WebMMoviePlayer
LogPluginManager: Mounting plugin WindowsMoviePlayer
LogPluginManager: Mounting plugin ScreenshotTools
LogInit: Using libcurl 7.55.1-DEV
LogInit:  - built for x86_64-pc-win32
LogInit:  - supports SSL with OpenSSL/1.1.1
LogInit:  - supports HTTP deflate (compression) using libz 1.2.8
LogInit:  - other features:
LogInit:      CURL_VERSION_SSL
LogInit:      CURL_VERSION_LIBZ
LogInit:      CURL_VERSION_IPV6
LogInit:      CURL_VERSION_ASYNCHDNS
LogInit:      CURL_VERSION_LARGEFILE
LogInit:      CURL_VERSION_IDN
LogInit:  CurlRequestOptions (configurable via config and command line):
LogInit:  - bVerifyPeer = true  - Libcurl will verify peer certificate
LogInit:  - bUseHttpProxy = false  - Libcurl will NOT use HTTP proxy
LogInit:  - bDontReuseConnections = false  - Libcurl will reuse connections
LogInit:  - MaxHostConnections = 16  - Libcurl will limit the number of connections to a host
LogInit:  - LocalHostAddr = Default
LogInit:  - BufferSize = 65536
LogOnline: OSS: Creating online subsystem instance for: NULL
LogInit: WinSock: version 1.1 (2.2), MaxSocks=32767, MaxUdp=65467
LogOnline: OSS: TryLoadSubsystemAndSetDefault: Loaded subsystem for module [NULL]
LogInit: Build: ++UE4+Release-4.25-CL-14469661
LogInit: Engine Version: 4.25.4-14469661+++UE4+Release-4.25
LogInit: Compatible Engine Version: 4.25.0-13144385+++UE4+Release-4.25
LogInit: Net CL: 13144385
LogInit: OS: Windows 10 (Release 2004) (), CPU: Intel(R) Core(TM) i7-7700 CPU @ 3.60GHz, GPU: NVIDIA GeForce GTX 1060 3GB
LogInit: Compiled (64-bit): Oct 11 2020 08:10:49
LogInit: Compiled with Visual C++: 19.24.28315.00
LogInit: Build Configuration: Development
LogInit: Branch Name: ++UE4+Release-4.25
LogInit: Command Line: 
LogInit: Base Directory: C:/Program Files/Epic Games/UE_4.25/Engine/Binaries/Win64/
LogInit: Allocator: TBB
LogInit: Installed Engine Build: 1
LogDevObjectVersion: Number of dev versions registered: 26
LogDevObjectVersion:   Dev-Blueprints (B0D832E4-1F89-4F0D-ACCF-7EB736FD4AA2): 10
LogDevObjectVersion:   Dev-Build (E1C64328-A22C-4D53-A36C-8E866417BD8C): 0
LogDevObjectVersion:   Dev-Core (375EC13C-06E4-48FB-B500-84F0262A717E): 4
LogDevObjectVersion:   Dev-Editor (E4B068ED-F494-42E9-A231-DA0B2E46BB41): 38
LogDevObjectVersion:   Dev-Framework (CFFC743F-43B0-4480-9391-14DF171D2073): 37
LogDevObjectVersion:   Dev-Mobile (B02B49B5-BB20-44E9-A304-32B752E40360): 2
LogDevObjectVersion:   Dev-Networking (A4E4105C-59A1-49B5-A7C5-40C4547EDFEE): 0
LogDevObjectVersion:   Dev-Online (39C831C9-5AE6-47DC-9A44-9C173E1C8E7C): 0
LogDevObjectVersion:   Dev-Physics (78F01B33-EBEA-4F98-B9B4-84EACCB95AA2): 4
LogDevObjectVersion:   Dev-Platform (6631380F-2D4D-43E0-8009-CF276956A95A): 0
LogDevObjectVersion:   Dev-Rendering (12F88B9F-8875-4AFC-A67C-D90C383ABD29): 43
LogDevObjectVersion:   Dev-Sequencer (7B5AE74C-D270-4C10-A958-57980B212A5A): 12
LogDevObjectVersion:   Dev-VR (D7296918-1DD6-4BDD-9DE2-64A83CC13884): 3
LogDevObjectVersion:   Dev-LoadTimes (C2A15278-BFE7-4AFE-6C17-90FF531DF755): 1
LogDevObjectVersion:   Private-Geometry (6EACA3D4-40EC-4CC1-B786-8BED09428FC5): 3
LogDevObjectVersion:   Dev-AnimPhys (29E575DD-E0A3-4627-9D10-D276232CDCEA): 17
LogDevObjectVersion:   Dev-Anim (AF43A65D-7FD3-4947-9873-3E8ED9C1BB05): 7
LogDevObjectVersion:   Dev-ReflectionCapture (6B266CEC-1EC7-4B8F-A30B-E4D90942FC07): 1
LogDevObjectVersion:   Dev-Automation (0DF73D61-A23F-47EA-B727-89E90C41499A): 1
LogDevObjectVersion:   FortniteMain (601D1886-AC64-4F84-AA16-D3DE0DEAC7D6): 31
LogDevObjectVersion:   Dev-Enterprise (9DFFBCD6-494F-0158-E221-12823C92A888): 10
LogDevObjectVersion:   Dev-Niagara (F2AED0AC-9AFE-416F-8664-AA7FFA26D6FC): 1
LogDevObjectVersion:   Dev-Destruction (174F1F0B-B4C6-45A5-B13F-2EE8D0FB917D): 10
LogDevObjectVersion:   Dev-Physics-Ext (35F94A83-E258-406C-A318-09F59610247C): 37
LogDevObjectVersion:   Dev-PhysicsMaterial-Chaos (B68FC16E-8B1B-42E2-B453-215C058844FE): 1
LogDevObjectVersion:   Dev-CineCamera (B2E18506-4273-CFC2-A54E-F4BB758BBA07): 1
LogInit: Presizing for max 25165824 objects, including 0 objects not considered by GC, pre-allocating 0 bytes for permanent pool.
LogConfig: Applying CVar settings from Section [/Script/Engine.StreamingSettings] File [D:/Projects/Winter_Game_Jam/Winter_Game_Jam/Saved/Config/Windows/Engine.ini]
LogConfig: Setting CVar [[s.MinBulkDataSizeForAsyncLoading:131072]]
LogConfig: Setting CVar [[s.AsyncLoadingThreadEnabled:0]]
LogConfig: Setting CVar [[s.EventDrivenLoaderEnabled:1]]
LogConfig: Setting CVar [[s.WarnIfTimeLimitExceeded:0]]
LogConfig: Setting CVar [[s.TimeLimitExceededMultiplier:1.5]]
LogConfig: Setting CVar [[s.TimeLimitExceededMinTime:0.005]]
LogConfig: Setting CVar [[s.UseBackgroundLevelStreaming:1]]
LogConfig: Setting CVar [[s.PriorityAsyncLoadingExtraTime:15.0]]
LogConfig: Setting CVar [[s.LevelStreamingActorsUpdateTimeLimit:5.0]]
LogConfig: Setting CVar [[s.PriorityLevelStreamingActorsUpdateExtraTime:5.0]]
LogConfig: Setting CVar [[s.LevelStreamingComponentsRegistrationGranularity:10]]
LogConfig: Setting CVar [[s.UnregisterComponentsTimeLimit:1.0]]
LogConfig: Setting CVar [[s.LevelStreamingComponentsUnregistrationGranularity:5]]
LogConfig: Setting CVar [[s.FlushStreamingOnExit:1]]
LogInit: Object subsystem initialized
LogConfig: Setting CVar [[con.DebugEarlyDefault:1]]
LogConfig: Setting CVar [[r.setres:1280x720]]
[2020.12.05-03.45.11:129][  0]LogConfig: Setting CVar [[r.VSync:0]]
[2020.12.05-03.45.11:129][  0]LogConfig: Setting CVar [[r.RHICmdBypass:0]]
[2020.12.05-03.45.11:129][  0]LogConfig: Applying CVar settings from Section [/Script/Engine.RendererSettings] File [D:/Projects/Winter_Game_Jam/Winter_Game_Jam/Saved/Config/Windows/Engine.ini]
[2020.12.05-03.45.11:129][  0]LogConfig: Setting CVar [[r.GPUCrashDebugging:0]]
[2020.12.05-03.45.11:129][  0]LogConfig: Applying CVar settings from Section [/Script/Engine.RendererOverrideSettings] File [D:/Projects/Winter_Game_Jam/Winter_Game_Jam/Saved/Config/Windows/Engine.ini]
[2020.12.05-03.45.11:129][  0]LogConfig: Applying CVar settings from Section [/Script/Engine.StreamingSettings] File [D:/Projects/Winter_Game_Jam/Winter_Game_Jam/Saved/Config/Windows/Engine.ini]
[2020.12.05-03.45.11:129][  0]LogConfig: Setting CVar [[s.MinBulkDataSizeForAsyncLoading:131072]]
[2020.12.05-03.45.11:129][  0]LogConfig: Setting CVar [[s.AsyncLoadingThreadEnabled:0]]
[2020.12.05-03.45.11:129][  0]LogConfig: Setting CVar [[s.EventDrivenLoaderEnabled:1]]
[2020.12.05-03.45.11:129][  0]LogConfig: Setting CVar [[s.WarnIfTimeLimitExceeded:0]]
[2020.12.05-03.45.11:129][  0]LogConfig: Setting CVar [[s.TimeLimitExceededMultiplier:1.5]]
[2020.12.05-03.45.11:129][  0]LogConfig: Setting CVar [[s.TimeLimitExceededMinTime:0.005]]
[2020.12.05-03.45.11:129][  0]LogConfig: Setting CVar [[s.UseBackgroundLevelStreaming:1]]
[2020.12.05-03.45.11:129][  0]LogConfig: Setting CVar [[s.PriorityAsyncLoadingExtraTime:15.0]]
[2020.12.05-03.45.11:129][  0]LogConfig: Setting CVar [[s.LevelStreamingActorsUpdateTimeLimit:5.0]]
[2020.12.05-03.45.11:129][  0]LogConfig: Setting CVar [[s.PriorityLevelStreamingActorsUpdateExtraTime:5.0]]
[2020.12.05-03.45.11:129][  0]LogConfig: Setting CVar [[s.LevelStreamingComponentsRegistrationGranularity:10]]
[2020.12.05-03.45.11:129][  0]LogConfig: Setting CVar [[s.UnregisterComponentsTimeLimit:1.0]]
[2020.12.05-03.45.11:129][  0]LogConfig: Setting CVar [[s.LevelStreamingComponentsUnregistrationGranularity:5]]
[2020.12.05-03.45.11:129][  0]LogConfig: Setting CVar [[s.FlushStreamingOnExit:1]]
[2020.12.05-03.45.11:129][  0]LogConfig: Applying CVar settings from Section [/Script/Engine.GarbageCollectionSettings] File [D:/Projects/Winter_Game_Jam/Winter_Game_Jam/Saved/Config/Windows/Engine.ini]
[2020.12.05-03.45.11:129][  0]LogConfig: Setting CVar [[gc.MaxObjectsNotConsideredByGC:1]]
[2020.12.05-03.45.11:129][  0]LogConfig: Setting CVar [[gc.SizeOfPermanentObjectPool:0]]
[2020.12.05-03.45.11:129][  0]LogConfig: Setting CVar [[gc.FlushStreamingOnGC:0]]
[2020.12.05-03.45.11:129][  0]LogConfig: Setting CVar [[gc.NumRetriesBeforeForcingGC:10]]
[2020.12.05-03.45.11:129][  0]LogConfig: Setting CVar [[gc.AllowParallelGC:1]]
[2020.12.05-03.45.11:129][  0]LogConfig: Setting CVar [[gc.TimeBetweenPurgingPendingKillObjects:61.1]]
[2020.12.05-03.45.11:130][  0]LogConfig: Setting CVar [[gc.MaxObjectsInEditor:25165824]]
[2020.12.05-03.45.11:130][  0]LogConfig: Setting CVar [[gc.IncrementalBeginDestroyEnabled:1]]
[2020.12.05-03.45.11:130][  0]LogConfig: Setting CVar [[gc.CreateGCClusters:1]]
[2020.12.05-03.45.11:130][  0]LogConfig: Setting CVar [[gc.MinGCClusterSize:5]]
[2020.12.05-03.45.11:130][  0]LogConfig: Setting CVar [[gc.ActorClusteringEnabled:0]]
[2020.12.05-03.45.11:130][  0]LogConfig: Setting CVar [[gc.BlueprintClusteringEnabled:0]]
[2020.12.05-03.45.11:130][  0]LogConfig: Setting CVar [[gc.UseDisregardForGCOnDedicatedServers:0]]
[2020.12.05-03.45.11:130][  0]LogConfig: Applying CVar settings from Section [/Script/Engine.NetworkSettings] File [D:/Projects/Winter_Game_Jam/Winter_Game_Jam/Saved/Config/Windows/Engine.ini]
[2020.12.05-03.45.11:130][  0]LogConfig: Applying CVar settings from Section [/Script/UnrealEd.CookerSettings] File [D:/Projects/Winter_Game_Jam/Winter_Game_Jam/Saved/Config/Windows/Engine.ini]
[2020.12.05-03.45.11:134][  0]LogConfig: Applying CVar settings from Section [ViewDistanceQuality@3] File [D:/Projects/Winter_Game_Jam/Winter_Game_Jam/Saved/Config/Windows/Scalability.ini]
[2020.12.05-03.45.11:134][  0]LogConfig: Setting CVar [[r.SkeletalMeshLODBias:0]]
[2020.12.05-03.45.11:134][  0]LogConfig: Setting CVar [[r.ViewDistanceScale:1.0]]
[2020.12.05-03.45.11:134][  0]LogConfig: Applying CVar settings from Section [AntiAliasingQuality@3] File [D:/Projects/Winter_Game_Jam/Winter_Game_Jam/Saved/Config/Windows/Scalability.ini]
[2020.12.05-03.45.11:134][  0]LogConfig: Setting CVar [[r.PostProcessAAQuality:4]]
[2020.12.05-03.45.11:134][  0]LogConfig: Applying CVar settings from Section [ShadowQuality@3] File [D:/Projects/Winter_Game_Jam/Winter_Game_Jam/Saved/Config/Windows/Scalability.ini]
[2020.12.05-03.45.11:134][  0]LogConfig: Setting CVar [[r.LightFunctionQuality:1]]
[2020.12.05-03.45.11:134][  0]LogConfig: Setting CVar [[r.ShadowQuality:5]]
[2020.12.05-03.45.11:134][  0]LogConfig: Setting CVar [[r.Shadow.CSM.MaxCascades:10]]
[2020.12.05-03.45.11:134][  0]LogConfig: Setting CVar [[r.Shadow.MaxResolution:2048]]
[2020.12.05-03.45.11:134][  0]LogConfig: Setting CVar [[r.Shadow.MaxCSMResolution:2048]]
[2020.12.05-03.45.11:134][  0]LogConfig: Setting CVar [[r.Shadow.RadiusThreshold:0.01]]
[2020.12.05-03.45.11:134][  0]LogConfig: Setting CVar [[r.Shadow.DistanceScale:1.0]]
[2020.12.05-03.45.11:134][  0]LogConfig: Setting CVar [[r.Shadow.CSM.TransitionScale:1.0]]
[2020.12.05-03.45.11:135][  0]LogConfig: Setting CVar [[r.Shadow.PreShadowResolutionFactor:1.0]]
[2020.12.05-03.45.11:135][  0]LogConfig: Setting CVar [[r.DistanceFieldShadowing:1]]
[2020.12.05-03.45.11:135][  0]LogConfig: Setting CVar [[r.DistanceFieldAO:1]]
[2020.12.05-03.45.11:135][  0]LogConfig: Setting CVar [[r.AOQuality:2]]
[2020.12.05-03.45.11:135][  0]LogConfig: Setting CVar [[r.VolumetricFog:1]]
[2020.12.05-03.45.11:135][  0]LogConfig: Setting CVar [[r.VolumetricFog.GridPixelSize:8]]
[2020.12.05-03.45.11:135][  0]LogConfig: Setting CVar [[r.VolumetricFog.GridSizeZ:128]]
[2020.12.05-03.45.11:135][  0]LogConfig: Setting CVar [[r.VolumetricFog.HistoryMissSupersampleCount:4]]
[2020.12.05-03.45.11:135][  0]LogConfig: Setting CVar [[r.LightMaxDrawDistanceScale:1]]
[2020.12.05-03.45.11:135][  0]LogConfig: Setting CVar [[r.CapsuleShadows:1]]
[2020.12.05-03.45.11:135][  0]LogConfig: Applying CVar settings from Section [PostProcessQuality@3] File [D:/Projects/Winter_Game_Jam/Winter_Game_Jam/Saved/Config/Windows/Scalability.ini]
[2020.12.05-03.45.11:135][  0]LogConfig: Setting CVar [[r.MotionBlurQuality:4]]
[2020.12.05-03.45.11:135][  0]LogConfig: Setting CVar [[r.AmbientOcclusionMipLevelFactor:0.4]]
[2020.12.05-03.45.11:135][  0]LogConfig: Setting CVar [[r.AmbientOcclusionMaxQuality:100]]
[2020.12.05-03.45.11:135][  0]LogConfig: Setting CVar [[r.AmbientOcclusionLevels:-1]]
[2020.12.05-03.45.11:135][  0]LogConfig: Setting CVar [[r.AmbientOcclusionRadiusScale:1.0]]
[2020.12.05-03.45.11:135][  0]LogConfig: Setting CVar [[r.DepthOfFieldQuality:2]]
[2020.12.05-03.45.11:135][  0]LogConfig: Setting CVar [[r.RenderTargetPoolMin:400]]
[2020.12.05-03.45.11:135][  0]LogConfig: Setting CVar [[r.LensFlareQuality:2]]
[2020.12.05-03.45.11:135][  0]LogConfig: Setting CVar [[r.SceneColorFringeQuality:1]]
[2020.12.05-03.45.11:135][  0]LogConfig: Setting CVar [[r.EyeAdaptationQuality:2]]
[2020.12.05-03.45.11:135][  0]LogConfig: Setting CVar [[r.BloomQuality:5]]
[2020.12.05-03.45.11:135][  0]LogConfig: Setting CVar [[r.FastBlurThreshold:100]]
[2020.12.05-03.45.11:135][  0]LogConfig: Setting CVar [[r.Upscale.Quality:3]]
[2020.12.05-03.45.11:135][  0]LogConfig: Setting CVar [[r.Tonemapper.GrainQuantization:1]]
[2020.12.05-03.45.11:135][  0]LogConfig: Setting CVar [[r.LightShaftQuality:1]]
[2020.12.05-03.45.11:135][  0]LogConfig: Setting CVar [[r.Filter.SizeScale:1]]
[2020.12.05-03.45.11:135][  0]LogConfig: Setting CVar [[r.Tonemapper.Quality:5]]
[2020.12.05-03.45.11:135][  0]LogConfig: Setting CVar [[r.DOF.Gather.AccumulatorQuality:1        ; higher gathering accumulator quality]]
[2020.12.05-03.45.11:135][  0]LogConfig: Setting CVar [[r.DOF.Gather.PostfilterMethod:1          ; Median3x3 postfilering method]]
[2020.12.05-03.45.11:135][  0]LogConfig: Setting CVar [[r.DOF.Gather.EnableBokehSettings:0       ; no bokeh simulation when gathering]]
[2020.12.05-03.45.11:135][  0]LogConfig: Setting CVar [[r.DOF.Gather.RingCount:4                 ; medium number of samples when gathering]]
[2020.12.05-03.45.11:135][  0]LogConfig: Setting CVar [[r.DOF.Scatter.ForegroundCompositing:1    ; additive foreground scattering]]
[2020.12.05-03.45.11:135][  0]LogConfig: Setting CVar [[r.DOF.Scatter.BackgroundCompositing:2    ; additive background scattering]]
[2020.12.05-03.45.11:135][  0]LogConfig: Setting CVar [[r.DOF.Scatter.EnableBokehSettings:1      ; bokeh simulation when scattering]]
[2020.12.05-03.45.11:135][  0]LogConfig: Setting CVar [[r.DOF.Scatter.MaxSpriteRatio:0.1         ; only a maximum of 10% of scattered bokeh]]
[2020.12.05-03.45.11:135][  0]LogConfig: Setting CVar [[r.DOF.Recombine.Quality:1                ; cheap slight out of focus]]
[2020.12.05-03.45.11:135][  0]LogConfig: Setting CVar [[r.DOF.Recombine.EnableBokehSettings:0    ; no bokeh simulation on slight out of focus]]
[2020.12.05-03.45.11:135][  0]LogConfig: Setting CVar [[r.DOF.TemporalAAQuality:1                ; more stable temporal accumulation]]
[2020.12.05-03.45.11:135][  0]LogConfig: Setting CVar [[r.DOF.Kernel.MaxForegroundRadius:0.025]]
[2020.12.05-03.45.11:135][  0]LogConfig: Setting CVar [[r.DOF.Kernel.MaxBackgroundRadius:0.025]]
[2020.12.05-03.45.11:135][  0]LogConfig: Applying CVar settings from Section [TextureQuality@3] File [D:/Projects/Winter_Game_Jam/Winter_Game_Jam/Saved/Config/Windows/Scalability.ini]
[2020.12.05-03.45.11:135][  0]LogConfig: Setting CVar [[r.Streaming.MipBias:0]]
[2020.12.05-03.45.11:135][  0]LogConfig: Setting CVar [[r.Streaming.AmortizeCPUToGPUCopy:0]]
[2020.12.05-03.45.11:135][  0]LogConfig: Setting CVar [[r.Streaming.MaxNumTexturesToStreamPerFrame:0]]
[2020.12.05-03.45.11:135][  0]LogConfig: Setting CVar [[r.Streaming.Boost:1]]
[2020.12.05-03.45.11:135][  0]LogConfig: Setting CVar [[r.MaxAnisotropy:8]]
[2020.12.05-03.45.11:135][  0]LogConfig: Setting CVar [[r.VT.MaxAnisotropy:8]]
[2020.12.05-03.45.11:135][  0]LogConfig: Setting CVar [[r.Streaming.LimitPoolSizeToVRAM:0]]
[2020.12.05-03.45.11:135][  0]LogConfig: Setting CVar [[r.Streaming.PoolSize:1000]]
[2020.12.05-03.45.11:135][  0]LogConfig: Setting CVar [[r.Streaming.MaxEffectiveScreenSize:0]]
[2020.12.05-03.45.11:135][  0]LogConfig: Applying CVar settings from Section [EffectsQuality@3] File [D:/Projects/Winter_Game_Jam/Winter_Game_Jam/Saved/Config/Windows/Scalability.ini]
[2020.12.05-03.45.11:135][  0]LogConfig: Setting CVar [[r.TranslucencyLightingVolumeDim:64]]
[2020.12.05-03.45.11:135][  0]LogConfig: Setting CVar [[r.RefractionQuality:2]]
[2020.12.05-03.45.11:135][  0]LogConfig: Setting CVar [[r.SSR.Quality:3]]
[2020.12.05-03.45.11:135][  0]LogConfig: Setting CVar [[r.SSR.HalfResSceneColor:0]]
[2020.12.05-03.45.11:135][  0]LogConfig: Setting CVar [[r.SceneColorFormat:4]]
[2020.12.05-03.45.11:136][  0]LogConfig: Setting CVar [[r.DetailMode:2]]
[2020.12.05-03.45.11:136][  0]LogConfig: Setting CVar [[r.TranslucencyVolumeBlur:1]]
[2020.12.05-03.45.11:136][  0]LogConfig: Setting CVar [[r.MaterialQualityLevel:1 ; High quality]]
[2020.12.05-03.45.11:136][  0]LogConfig: Setting CVar [[r.SSS.Scale:1]]
[2020.12.05-03.45.11:136][  0]LogConfig: Setting CVar [[r.SSS.SampleSet:2]]
[2020.12.05-03.45.11:136][  0]LogConfig: Setting CVar [[r.SSS.Quality:1]]
[2020.12.05-03.45.11:136][  0]LogConfig: Setting CVar [[r.SSS.HalfRes:0]]
[2020.12.05-03.45.11:136][  0]LogConfig: Setting CVar [[r.SSGI.Quality:3]]
[2020.12.05-03.45.11:136][  0]LogConfig: Setting CVar [[r.EmitterSpawnRateScale:1.0]]
[2020.12.05-03.45.11:136][  0]LogConfig: Setting CVar [[r.ParticleLightQuality:2]]
[2020.12.05-03.45.11:136][  0]LogConfig: Setting CVar [[r.SkyAtmosphere.AerialPerspectiveLUT.FastApplyOnOpaque:1 ; Always have FastSkyLUT 1 in this case to avoid wrong sky]]
[2020.12.05-03.45.11:136][  0]LogConfig: Setting CVar [[r.SkyAtmosphere.AerialPerspectiveLUT.SampleCountPerSlice:1]]
[2020.12.05-03.45.11:136][  0]LogConfig: Setting CVar [[r.SkyAtmosphere.AerialPerspectiveLUT.DepthResolution:16.0]]
[2020.12.05-03.45.11:136][  0]LogConfig: Setting CVar [[r.SkyAtmosphere.FastSkyLUT:1]]
[2020.12.05-03.45.11:136][  0]LogConfig: Setting CVar [[r.SkyAtmosphere.FastSkyLUT.SampleCountMin:4.0]]
[2020.12.05-03.45.11:136][  0]LogConfig: Setting CVar [[r.SkyAtmosphere.FastSkyLUT.SampleCountMax:32.0]]
[2020.12.05-03.45.11:136][  0]LogConfig: Setting CVar [[r.SkyAtmosphere.SampleCountMin:4.0]]
[2020.12.05-03.45.11:136][  0]LogConfig: Setting CVar [[r.SkyAtmosphere.SampleCountMax:32.0]]
[2020.12.05-03.45.11:136][  0]LogConfig: Setting CVar [[r.SkyAtmosphere.TransmittanceLUT.UseSmallFormat:0]]
[2020.12.05-03.45.11:136][  0]LogConfig: Setting CVar [[r.SkyAtmosphere.TransmittanceLUT.SampleCount:10.0]]
[2020.12.05-03.45.11:136][  0]LogConfig: Setting CVar [[r.SkyAtmosphere.MultiScatteringLUT.SampleCount:15.0]]
[2020.12.05-03.45.11:136][  0]LogConfig: Applying CVar settings from Section [FoliageQuality@3] File [D:/Projects/Winter_Game_Jam/Winter_Game_Jam/Saved/Config/Windows/Scalability.ini]
[2020.12.05-03.45.11:136][  0]LogConfig: Setting CVar [[foliage.DensityScale:1.0]]
[2020.12.05-03.45.11:136][  0]LogConfig: Setting CVar [[grass.DensityScale:1.0]]
[2020.12.05-03.45.11:136][  0]LogConfig: Applying CVar settings from Section [ShadingQuality@3] File [D:/Projects/Winter_Game_Jam/Winter_Game_Jam/Saved/Config/Windows/Scalability.ini]
[2020.12.05-03.45.11:136][  0]LogConfig: Setting CVar [[r.HairStrands.SkyLighting.SampleCount:16]]
[2020.12.05-03.45.11:136][  0]LogConfig: Setting CVar [[r.HairStrands.SkyLighting.JitterIntegration:0]]
[2020.12.05-03.45.11:136][  0]LogConfig: Setting CVar [[r.HairStrands.SkyAO.SampleCount:16]]
[2020.12.05-03.45.11:136][  0]LogConfig: Setting CVar [[r.HairStrands.DeepShadow.SuperSampling:0]]
[2020.12.05-03.45.11:136][  0]LogConfig: Setting CVar [[r.HairStrands.VisibilityPPLL:0]]
[2020.12.05-03.45.11:136][  0]LogConfig: Setting CVar [[r.HairStrands.RasterizationScale:0.5]]
[2020.12.05-03.45.11:136][  0]LogConfig: Setting CVar [[r.HairStrands.VelocityRasterizationScale:1]]
[2020.12.05-03.45.11:136][  0]LogInit: Selected Device Profile: [Windows]
[2020.12.05-03.45.11:136][  0]LogInit: Applying CVar settings loaded from the selected device profile: [Windows]
[2020.12.05-03.45.11:136][  0]LogHAL: Display: Platform has ~ 16 GB [17107968000 / 17179869184 / 16], which maps to Larger [LargestMinGB=32, LargerMinGB=12, DefaultMinGB=8, SmallerMinGB=6, SmallestMinGB=0)
[2020.12.05-03.45.11:136][  0]LogInit: Going up to parent DeviceProfile []
[2020.12.05-03.45.11:136][  0]LogConfig: Applying CVar settings from Section [ViewDistanceQuality@3] File [D:/Projects/Winter_Game_Jam/Winter_Game_Jam/Saved/Config/Windows/Scalability.ini]
[2020.12.05-03.45.11:136][  0]LogConfig: Setting CVar [[r.SkeletalMeshLODBias:0]]
[2020.12.05-03.45.11:136][  0]LogConfig: Setting CVar [[r.ViewDistanceScale:1.0]]
[2020.12.05-03.45.11:136][  0]LogConfig: Applying CVar settings from Section [AntiAliasingQuality@3] File [D:/Projects/Winter_Game_Jam/Winter_Game_Jam/Saved/Config/Windows/Scalability.ini]
[2020.12.05-03.45.11:136][  0]LogConfig: Setting CVar [[r.PostProcessAAQuality:4]]
[2020.12.05-03.45.11:136][  0]LogConfig: Applying CVar settings from Section [ShadowQuality@3] File [D:/Projects/Winter_Game_Jam/Winter_Game_Jam/Saved/Config/Windows/Scalability.ini]
[2020.12.05-03.45.11:136][  0]LogConfig: Setting CVar [[r.LightFunctionQuality:1]]
[2020.12.05-03.45.11:136][  0]LogConfig: Setting CVar [[r.ShadowQuality:5]]
[2020.12.05-03.45.11:136][  0]LogConfig: Setting CVar [[r.Shadow.CSM.MaxCascades:10]]
[2020.12.05-03.45.11:136][  0]LogConfig: Setting CVar [[r.Shadow.MaxResolution:2048]]
[2020.12.05-03.45.11:136][  0]LogConfig: Setting CVar [[r.Shadow.MaxCSMResolution:2048]]
[2020.12.05-03.45.11:136][  0]LogConfig: Setting CVar [[r.Shadow.RadiusThreshold:0.01]]
[2020.12.05-03.45.11:137][  0]LogConfig: Setting CVar [[r.Shadow.DistanceScale:1.0]]
[2020.12.05-03.45.11:137][  0]LogConfig: Setting CVar [[r.Shadow.CSM.TransitionScale:1.0]]
[2020.12.05-03.45.11:137][  0]LogConfig: Setting CVar [[r.Shadow.PreShadowResolutionFactor:1.0]]
[2020.12.05-03.45.11:137][  0]LogConfig: Setting CVar [[r.DistanceFieldShadowing:1]]
[2020.12.05-03.45.11:137][  0]LogConfig: Setting CVar [[r.DistanceFieldAO:1]]
[2020.12.05-03.45.11:137][  0]LogConfig: Setting CVar [[r.AOQuality:2]]
[2020.12.05-03.45.11:137][  0]LogConfig: Setting CVar [[r.VolumetricFog:1]]
[2020.12.05-03.45.11:137][  0]LogConfig: Setting CVar [[r.VolumetricFog.GridPixelSize:8]]
[2020.12.05-03.45.11:137][  0]LogConfig: Setting CVar [[r.VolumetricFog.GridSizeZ:128]]
[2020.12.05-03.45.11:137][  0]LogConfig: Setting CVar [[r.VolumetricFog.HistoryMissSupersampleCount:4]]
[2020.12.05-03.45.11:137][  0]LogConfig: Setting CVar [[r.LightMaxDrawDistanceScale:1]]
[2020.12.05-03.45.11:137][  0]LogConfig: Setting CVar [[r.CapsuleShadows:1]]
[2020.12.05-03.45.11:137][  0]LogConfig: Applying CVar settings from Section [PostProcessQuality@3] File [D:/Projects/Winter_Game_Jam/Winter_Game_Jam/Saved/Config/Windows/Scalability.ini]
[2020.12.05-03.45.11:137][  0]LogConfig: Setting CVar [[r.MotionBlurQuality:4]]
[2020.12.05-03.45.11:137][  0]LogConfig: Setting CVar [[r.AmbientOcclusionMipLevelFactor:0.4]]
[2020.12.05-03.45.11:137][  0]LogConfig: Setting CVar [[r.AmbientOcclusionMaxQuality:100]]
[2020.12.05-03.45.11:137][  0]LogConfig: Setting CVar [[r.AmbientOcclusionLevels:-1]]
[2020.12.05-03.45.11:137][  0]LogConfig: Setting CVar [[r.AmbientOcclusionRadiusScale:1.0]]
[2020.12.05-03.45.11:137][  0]LogConfig: Setting CVar [[r.DepthOfFieldQuality:2]]
[2020.12.05-03.45.11:137][  0]LogConfig: Setting CVar [[r.RenderTargetPoolMin:400]]
[2020.12.05-03.45.11:137][  0]LogConfig: Setting CVar [[r.LensFlareQuality:2]]
[2020.12.05-03.45.11:137][  0]LogConfig: Setting CVar [[r.SceneColorFringeQuality:1]]
[2020.12.05-03.45.11:137][  0]LogConfig: Setting CVar [[r.EyeAdaptationQuality:2]]
[2020.12.05-03.45.11:137][  0]LogConfig: Setting CVar [[r.BloomQuality:5]]
[2020.12.05-03.45.11:137][  0]LogConfig: Setting CVar [[r.FastBlurThreshold:100]]
[2020.12.05-03.45.11:137][  0]LogConfig: Setting CVar [[r.Upscale.Quality:3]]
[2020.12.05-03.45.11:137][  0]LogConfig: Setting CVar [[r.Tonemapper.GrainQuantization:1]]
[2020.12.05-03.45.11:137][  0]LogConfig: Setting CVar [[r.LightShaftQuality:1]]
[2020.12.05-03.45.11:137][  0]LogConfig: Setting CVar [[r.Filter.SizeScale:1]]
[2020.12.05-03.45.11:137][  0]LogConfig: Setting CVar [[r.Tonemapper.Quality:5]]
[2020.12.05-03.45.11:137][  0]LogConfig: Setting CVar [[r.DOF.Gather.AccumulatorQuality:1        ; higher gathering accumulator quality]]
[2020.12.05-03.45.11:137][  0]LogConfig: Setting CVar [[r.DOF.Gather.PostfilterMethod:1          ; Median3x3 postfilering method]]
[2020.12.05-03.45.11:137][  0]LogConfig: Setting CVar [[r.DOF.Gather.EnableBokehSettings:0       ; no bokeh simulation when gathering]]
[2020.12.05-03.45.11:137][  0]LogConfig: Setting CVar [[r.DOF.Gather.RingCount:4                 ; medium number of samples when gathering]]
[2020.12.05-03.45.11:137][  0]LogConfig: Setting CVar [[r.DOF.Scatter.ForegroundCompositing:1    ; additive foreground scattering]]
[2020.12.05-03.45.11:137][  0]LogConfig: Setting CVar [[r.DOF.Scatter.BackgroundCompositing:2    ; additive background scattering]]
[2020.12.05-03.45.11:137][  0]LogConfig: Setting CVar [[r.DOF.Scatter.EnableBokehSettings:1      ; bokeh simulation when scattering]]
[2020.12.05-03.45.11:137][  0]LogConfig: Setting CVar [[r.DOF.Scatter.MaxSpriteRatio:0.1         ; only a maximum of 10% of scattered bokeh]]
[2020.12.05-03.45.11:137][  0]LogConfig: Setting CVar [[r.DOF.Recombine.Quality:1                ; cheap slight out of focus]]
[2020.12.05-03.45.11:137][  0]LogConfig: Setting CVar [[r.DOF.Recombine.EnableBokehSettings:0    ; no bokeh simulation on slight out of focus]]
[2020.12.05-03.45.11:137][  0]LogConfig: Setting CVar [[r.DOF.TemporalAAQuality:1                ; more stable temporal accumulation]]
[2020.12.05-03.45.11:137][  0]LogConfig: Setting CVar [[r.DOF.Kernel.MaxForegroundRadius:0.025]]
[2020.12.05-03.45.11:137][  0]LogConfig: Setting CVar [[r.DOF.Kernel.MaxBackgroundRadius:0.025]]
[2020.12.05-03.45.11:137][  0]LogConfig: Applying CVar settings from Section [TextureQuality@3] File [D:/Projects/Winter_Game_Jam/Winter_Game_Jam/Saved/Config/Windows/Scalability.ini]
[2020.12.05-03.45.11:137][  0]LogConfig: Setting CVar [[r.Streaming.MipBias:0]]
[2020.12.05-03.45.11:137][  0]LogConfig: Setting CVar [[r.Streaming.AmortizeCPUToGPUCopy:0]]
[2020.12.05-03.45.11:137][  0]LogConfig: Setting CVar [[r.Streaming.MaxNumTexturesToStreamPerFrame:0]]
[2020.12.05-03.45.11:137][  0]LogConfig: Setting CVar [[r.Streaming.Boost:1]]
[2020.12.05-03.45.11:137][  0]LogConfig: Setting CVar [[r.MaxAnisotropy:8]]
[2020.12.05-03.45.11:137][  0]LogConfig: Setting CVar [[r.VT.MaxAnisotropy:8]]
[2020.12.05-03.45.11:137][  0]LogConfig: Setting CVar [[r.Streaming.LimitPoolSizeToVRAM:0]]
[2020.12.05-03.45.11:137][  0]LogConfig: Setting CVar [[r.Streaming.PoolSize:1000]]
[2020.12.05-03.45.11:137][  0]LogConfig: Setting CVar [[r.Streaming.MaxEffectiveScreenSize:0]]
[2020.12.05-03.45.11:137][  0]LogConfig: Applying CVar settings from Section [EffectsQuality@3] File [D:/Projects/Winter_Game_Jam/Winter_Game_Jam/Saved/Config/Windows/Scalability.ini]
[2020.12.05-03.45.11:137][  0]LogConfig: Setting CVar [[r.TranslucencyLightingVolumeDim:64]]
[2020.12.05-03.45.11:137][  0]LogConfig: Setting CVar [[r.RefractionQuality:2]]
[2020.12.05-03.45.11:137][  0]LogConfig: Setting CVar [[r.SSR.Quality:3]]
[2020.12.05-03.45.11:137][  0]LogConfig: Setting CVar [[r.SSR.HalfResSceneColor:0]]
[2020.12.05-03.45.11:137][  0]LogConfig: Setting CVar [[r.SceneColorFormat:4]]
[2020.12.05-03.45.11:137][  0]LogConfig: Setting CVar [[r.DetailMode:2]]
[2020.12.05-03.45.11:137][  0]LogConfig: Setting CVar [[r.TranslucencyVolumeBlur:1]]
[2020.12.05-03.45.11:137][  0]LogConfig: Setting CVar [[r.MaterialQualityLevel:1 ; High quality]]
[2020.12.05-03.45.11:137][  0]LogConfig: Setting CVar [[r.SSS.Scale:1]]
[2020.12.05-03.45.11:137][  0]LogConfig: Setting CVar [[r.SSS.SampleSet:2]]
[2020.12.05-03.45.11:137][  0]LogConfig: Setting CVar [[r.SSS.Quality:1]]
[2020.12.05-03.45.11:137][  0]LogConfig: Setting CVar [[r.SSS.HalfRes:0]]
[2020.12.05-03.45.11:137][  0]LogConfig: Setting CVar [[r.SSGI.Quality:3]]
[2020.12.05-03.45.11:137][  0]LogConfig: Setting CVar [[r.EmitterSpawnRateScale:1.0]]
[2020.12.05-03.45.11:137][  0]LogConfig: Setting CVar [[r.ParticleLightQuality:2]]
[2020.12.05-03.45.11:137][  0]LogConfig: Setting CVar [[r.SkyAtmosphere.AerialPerspectiveLUT.FastApplyOnOpaque:1 ; Always have FastSkyLUT 1 in this case to avoid wrong sky]]
[2020.12.05-03.45.11:137][  0]LogConfig: Setting CVar [[r.SkyAtmosphere.AerialPerspectiveLUT.SampleCountPerSlice:1]]
[2020.12.05-03.45.11:137][  0]LogConfig: Setting CVar [[r.SkyAtmosphere.AerialPerspectiveLUT.DepthResolution:16.0]]
[2020.12.05-03.45.11:137][  0]LogConfig: Setting CVar [[r.SkyAtmosphere.FastSkyLUT:1]]
[2020.12.05-03.45.11:137][  0]LogConfig: Setting CVar [[r.SkyAtmosphere.FastSkyLUT.SampleCountMin:4.0]]
[2020.12.05-03.45.11:137][  0]LogConfig: Setting CVar [[r.SkyAtmosphere.FastSkyLUT.SampleCountMax:32.0]]
[2020.12.05-03.45.11:137][  0]LogConfig: Setting CVar [[r.SkyAtmosphere.SampleCountMin:4.0]]
[2020.12.05-03.45.11:137][  0]LogConfig: Setting CVar [[r.SkyAtmosphere.SampleCountMax:32.0]]
[2020.12.05-03.45.11:137][  0]LogConfig: Setting CVar [[r.SkyAtmosphere.TransmittanceLUT.UseSmallFormat:0]]
[2020.12.05-03.45.11:137][  0]LogConfig: Setting CVar [[r.SkyAtmosphere.TransmittanceLUT.SampleCount:10.0]]
[2020.12.05-03.45.11:137][  0]LogConfig: Setting CVar [[r.SkyAtmosphere.MultiScatteringLUT.SampleCount:15.0]]
[2020.12.05-03.45.11:137][  0]LogConfig: Applying CVar settings from Section [FoliageQuality@3] File [D:/Projects/Winter_Game_Jam/Winter_Game_Jam/Saved/Config/Windows/Scalability.ini]
[2020.12.05-03.45.11:137][  0]LogConfig: Setting CVar [[foliage.DensityScale:1.0]]
[2020.12.05-03.45.11:137][  0]LogConfig: Setting CVar [[grass.DensityScale:1.0]]
[2020.12.05-03.45.11:137][  0]LogConfig: Applying CVar settings from Section [ShadingQuality@3] File [D:/Projects/Winter_Game_Jam/Winter_Game_Jam/Saved/Config/Windows/Scalability.ini]
[2020.12.05-03.45.11:137][  0]LogConfig: Setting CVar [[r.HairStrands.SkyLighting.SampleCount:16]]
[2020.12.05-03.45.11:137][  0]LogConfig: Setting CVar [[r.HairStrands.SkyLighting.JitterIntegration:0]]
[2020.12.05-03.45.11:138][  0]LogConfig: Setting CVar [[r.HairStrands.SkyAO.SampleCount:16]]
[2020.12.05-03.45.11:138][  0]LogConfig: Setting CVar [[r.HairStrands.DeepShadow.SuperSampling:0]]
[2020.12.05-03.45.11:138][  0]LogConfig: Setting CVar [[r.HairStrands.VisibilityPPLL:0]]
[2020.12.05-03.45.11:138][  0]LogConfig: Setting CVar [[r.HairStrands.RasterizationScale:0.5]]
[2020.12.05-03.45.11:138][  0]LogConfig: Setting CVar [[r.HairStrands.VelocityRasterizationScale:1]]
[2020.12.05-03.45.11:138][  0]LogConfig: Applying CVar settings from Section [Startup] File [../../../Engine/Config/ConsoleVariables.ini]
[2020.12.05-03.45.11:138][  0]LogConfig: Setting CVar [[net.UseAdaptiveNetUpdateFrequency:0]]
[2020.12.05-03.45.11:138][  0]LogConfig: Setting CVar [[p.chaos.AllowCreatePhysxBodies:1]]
[2020.12.05-03.45.11:138][  0]LogConfig: Setting CVar [[fx.SkipVectorVMBackendOptimizations:1]]
[2020.12.05-03.45.11:138][  0]LogConfig: Applying CVar settings from Section [ConsoleVariables] File [D:/Projects/Winter_Game_Jam/Winter_Game_Jam/Saved/Config/Windows/Engine.ini]
[2020.12.05-03.45.11:138][  0]LogInit: Computer: SEIRETEI
[2020.12.05-03.45.11:138][  0]LogInit: User: ShukeiHakuteiken
[2020.12.05-03.45.11:138][  0]LogInit: CPU Page size=4096, Cores=4
[2020.12.05-03.45.11:138][  0]LogInit: High frequency timer resolution =10.000000 MHz
[2020.12.05-03.45.11:138][  0]LogMemory: Memory total: Physical=15.9GB (16GB approx)
[2020.12.05-03.45.11:138][  0]LogMemory: Platform Memory Stats for Windows
[2020.12.05-03.45.11:138][  0]LogMemory: Process Physical Memory: 114.95 MB used, 114.96 MB peak
[2020.12.05-03.45.11:138][  0]LogMemory: Process Virtual Memory: 96.00 MB used, 96.00 MB peak
[2020.12.05-03.45.11:138][  0]LogMemory: Physical Memory: 6889.50 MB used,  9425.93 MB free, 16315.43 MB total
[2020.12.05-03.45.11:138][  0]LogMemory: Virtual Memory: 5144.87 MB used,  134212584.00 MB free, 134217728.00 MB total
[2020.12.05-03.45.11:147][  0]LogWindows: WindowsPlatformFeatures enabled
[2020.12.05-03.45.11:217][  0]LogInit: Physics initialised using underlying interface: PhysX
[2020.12.05-03.45.11:220][  0]LogInit: Using OS detected language (en-US).
[2020.12.05-03.45.11:220][  0]LogInit: Using OS detected locale (en-US).
[2020.12.05-03.45.11:227][  0]LogTextLocalizationManager: No specific localization for 'en-US' exists, so the 'en' localization will be used.
[2020.12.05-03.45.11:492][  0]LogInit: Setting process to per monitor DPI aware
[2020.12.05-03.45.11:545][  0]LogSlate: New Slate User Created.  User Index 0, Is Virtual User: 0
[2020.12.05-03.45.11:545][  0]LogSlate: Slate User Registered.  User Index 0, Is Virtual User: 0
[2020.12.05-03.45.11:771][  0]LogHMD: Failed to initialize OpenVR with code 110
[2020.12.05-03.45.11:771][  0]LogD3D11RHI: D3D11 min allowed feature level: 11_0
[2020.12.05-03.45.11:771][  0]LogD3D11RHI: D3D11 max allowed feature level: 11_0
[2020.12.05-03.45.11:771][  0]LogD3D11RHI: D3D11 adapters:
[2020.12.05-03.45.11:870][  0]LogD3D11RHI:    0. 'NVIDIA GeForce GTX 1060 3GB' (Feature Level 11_0)
[2020.12.05-03.45.11:870][  0]LogD3D11RHI:       2988/0/8157 MB DedicatedVideo/DedicatedSystem/SharedSystem, Outputs:2, VendorId:0x10de
[2020.12.05-03.45.11:875][  0]LogD3D11RHI:    1. 'Microsoft Basic Render Driver' (Feature Level 11_0)
[2020.12.05-03.45.11:875][  0]LogD3D11RHI:       0/0/8157 MB DedicatedVideo/DedicatedSystem/SharedSystem, Outputs:0, VendorId:0x1414
[2020.12.05-03.45.11:875][  0]LogD3D11RHI: Chosen D3D11 Adapter: 0
[2020.12.05-03.45.11:885][  0]LogD3D11RHI: Creating new Direct3DDevice
[2020.12.05-03.45.11:885][  0]LogD3D11RHI:     GPU DeviceId: 0x1c02 (for the marketing name, search the web for "GPU Device Id")
[2020.12.05-03.45.11:885][  0]LogWindows: EnumDisplayDevices:
[2020.12.05-03.45.11:885][  0]LogWindows:    0. 'NVIDIA GeForce GTX 1060 3GB' (P:1 D:1)
[2020.12.05-03.45.11:885][  0]LogWindows:    1. 'NVIDIA GeForce GTX 1060 3GB' (P:0 D:1)
[2020.12.05-03.45.11:885][  0]LogWindows:    2. 'NVIDIA GeForce GTX 1060 3GB' (P:0 D:0)
[2020.12.05-03.45.11:885][  0]LogWindows:    3. 'NVIDIA GeForce GTX 1060 3GB' (P:0 D:0)
[2020.12.05-03.45.11:885][  0]LogWindows: DebugString: FoundDriverCount:4 
[2020.12.05-03.45.11:885][  0]LogD3D11RHI:     Adapter Name: NVIDIA GeForce GTX 1060 3GB
[2020.12.05-03.45.11:885][  0]LogD3D11RHI:   Driver Version: 430.86 (internal:26.21.14.3086, unified:430.86)
[2020.12.05-03.45.11:885][  0]LogD3D11RHI:      Driver Date: 5-22-2019
[2020.12.05-03.45.11:885][  0]LogRHI: Texture pool is 2091 MB (70% of 2988 MB)
[2020.12.05-03.45.11:951][  0]LogD3D11RHI: RHI has support for 64 bit atomics
[2020.12.05-03.45.11:951][  0]LogD3D11RHI: Async texture creation enabled
[2020.12.05-03.45.11:951][  0]LogD3D11RHI: Array index from any shader is supported
[2020.12.05-03.45.12:074][  0]LogD3D11RHI: GPU Timing Frequency: 1000.000000 (Debug: 2 1)
[2020.12.05-03.45.12:494][  0]LogTargetPlatformManager: Display: Loaded TargetPlatform 'AllDesktop'
[2020.12.05-03.45.12:524][  0]LogTargetPlatformManager: Display: Loaded TargetPlatform 'Android'
[2020.12.05-03.45.12:524][  0]LogTargetPlatformManager: Display: Loaded TargetPlatform 'Android_ASTC'
[2020.12.05-03.45.12:524][  0]LogTargetPlatformManager: Display: Loaded TargetPlatform 'Android_DXT'
[2020.12.05-03.45.12:524][  0]LogTargetPlatformManager: Display: Loaded TargetPlatform 'Android_ETC2'
[2020.12.05-03.45.12:524][  0]LogTargetPlatformManager: Display: Loaded TargetPlatform 'AndroidClient'
[2020.12.05-03.45.12:524][  0]LogTargetPlatformManager: Display: Loaded TargetPlatform 'Android_ASTCClient'
[2020.12.05-03.45.12:524][  0]LogTargetPlatformManager: Display: Loaded TargetPlatform 'Android_DXTClient'
[2020.12.05-03.45.12:524][  0]LogTargetPlatformManager: Display: Loaded TargetPlatform 'Android_ETC2Client'
[2020.12.05-03.45.12:524][  0]LogTargetPlatformManager: Display: Loaded TargetPlatform 'Android_Multi'
[2020.12.05-03.45.12:524][  0]LogTargetPlatformManager: Display: Loaded TargetPlatform 'Android_MultiClient'
[2020.12.05-03.45.12:556][  0]LogTargetPlatformManager: Display: Loaded TargetPlatform 'IOSClient'
[2020.12.05-03.45.12:556][  0]LogTargetPlatformManager: Display: Loaded TargetPlatform 'IOS'
[2020.12.05-03.45.12:571][  0]LogTargetPlatformManager: Display: Loaded TargetPlatform 'Linux'
[2020.12.05-03.45.12:584][  0]LogTargetPlatformManager: Display: Loaded TargetPlatform 'LinuxNoEditor'
[2020.12.05-03.45.12:597][  0]LogTargetPlatformManager: Display: Loaded TargetPlatform 'LinuxClient'
[2020.12.05-03.45.12:615][  0]LogTargetPlatformManager: Display: Loaded TargetPlatform 'LinuxServer'
[2020.12.05-03.45.12:629][  0]LogTargetPlatformManager: Display: Loaded TargetPlatform 'LinuxAArch64NoEditor'
[2020.12.05-03.45.12:645][  0]LogTargetPlatformManager: Display: Loaded TargetPlatform 'LinuxAArch64Client'
[2020.12.05-03.45.12:661][  0]LogTargetPlatformManager: Display: Loaded TargetPlatform 'LinuxAArch64Server'
[2020.12.05-03.45.12:700][  0]LogTargetPlatformManager: Display: Loaded TargetPlatform 'Lumin'
[2020.12.05-03.45.12:700][  0]LogTargetPlatformManager: Display: Loaded TargetPlatform 'LuminClient'
[2020.12.05-03.45.12:718][  0]LogTargetPlatformManager: Display: Loaded TargetPlatform 'TVOSClient'
[2020.12.05-03.45.12:718][  0]LogTargetPlatformManager: Display: Loaded TargetPlatform 'TVOS'
[2020.12.05-03.45.12:729][  0]LogTargetPlatformManager: Display: Loaded TargetPlatform 'WindowsNoEditor'
[2020.12.05-03.45.12:740][  0]LogTargetPlatformManager: Display: Loaded TargetPlatform 'Windows'
[2020.12.05-03.45.12:750][  0]LogTargetPlatformManager: Display: Loaded TargetPlatform 'WindowsClient'
[2020.12.05-03.45.12:760][  0]LogTargetPlatformManager: Display: Loaded TargetPlatform 'WindowsServer'
[2020.12.05-03.45.12:760][  0]LogTargetPlatformManager: Display: Building Assets For Windows
[2020.12.05-03.45.12:775][  0]LogAudioDebug: Display: Lib vorbis DLL was dynamically loaded.
[2020.12.05-03.45.12:871][  0]LogShaderCompilers: Guid format shader working directory is 15 characters bigger than the processId version (D:/Projects/Winter_Game_Jam/Winter_Game_Jam/Intermediate/Shaders/WorkingDirectory/1340/).
[2020.12.05-03.45.12:871][  0]LogShaderCompilers: Cleaned the shader compiler working directory 'C:/Users/Shukei_Hakuteiken/AppData/Local/Temp/UnrealShaderWorkingDir/1EB909CC4D32203F07DC9EA500451DD8/'.
[2020.12.05-03.45.12:872][  0]LogXGEController: Cleaning working directory: C:/Users/Shukei_Hakuteiken/AppData/Local/Temp/UnrealXGEWorkingDir/
[2020.12.05-03.45.12:872][  0]LogXGEController: Cannot use XGE Controller as Incredibuild is not installed on this machine.
[2020.12.05-03.45.12:872][  0]LogShaderCompilers: Cannot use XGE Shader Compiler as Incredibuild is not installed on this machine.
[2020.12.05-03.45.12:872][  0]LogShaderCompilers: Display: Using Local Shader Compiler.
[2020.12.05-03.45.13:649][  0]LogDerivedDataCache: Display: Max Cache Size: 512 MB
[2020.12.05-03.45.13:736][  0]LogDerivedDataCache: Loaded boot cache 0.09s 75MB C:/Users/Shukei_Hakuteiken/AppData/Local/UnrealEngine/4.25/DerivedDataCache/Boot.ddc.
[2020.12.05-03.45.13:736][  0]LogDerivedDataCache: Display: Loaded Boot cache: C:/Users/Shukei_Hakuteiken/AppData/Local/UnrealEngine/4.25/DerivedDataCache/Boot.ddc
[2020.12.05-03.45.13:736][  0]LogDerivedDataCache: FDerivedDataBackendGraph:  Pak pak cache file D:/Projects/Winter_Game_Jam/Winter_Game_Jam/DerivedDataCache/DDC.ddp not found, will not use a pak cache.
[2020.12.05-03.45.13:736][  0]LogDerivedDataCache: Unable to find inner node Pak for hierarchical cache Hierarchy.
[2020.12.05-03.45.13:736][  0]LogDerivedDataCache: FDerivedDataBackendGraph:  CompressedPak pak cache file D:/Projects/Winter_Game_Jam/Winter_Game_Jam/DerivedDataCache/Compressed.ddp not found, will not use a pak cache.
[2020.12.05-03.45.13:736][  0]LogDerivedDataCache: Unable to find inner node CompressedPak for hierarchical cache Hierarchy.
[2020.12.05-03.45.13:748][  0]LogDerivedDataCache: Display: Pak cache opened for reading ../../../Engine/DerivedDataCache/Compressed.ddp.
[2020.12.05-03.45.13:749][  0]LogDerivedDataCache: FDerivedDataBackendGraph:  EnterprisePak pak cache file ../../../Enterprise/DerivedDataCache/Compressed.ddp not found, will not use a pak cache.
[2020.12.05-03.45.13:749][  0]LogDerivedDataCache: Unable to find inner node EnterprisePak for hierarchical cache Hierarchy.
[2020.12.05-03.45.13:751][  0]LogDerivedDataCache: Using Local data cache path C:/Users/Shukei_Hakuteiken/AppData/Local/UnrealEngine/Common/DerivedDataCache: Writable
[2020.12.05-03.45.13:751][  0]LogDerivedDataCache: Shared data cache path not found in *engine.ini, will not use an Shared cache.
[2020.12.05-03.45.13:751][  0]LogDerivedDataCache: Unable to find inner node Shared for hierarchical cache Hierarchy.
[2020.12.05-03.45.13:814][  0]LogSlate: Using FreeType 2.10.0
[2020.12.05-03.45.13:815][  0]LogSlate: SlateFontServices - WITH_FREETYPE: 1, WITH_HARFBUZZ: 1
[2020.12.05-03.45.13:846][  0]LogAssetRegistry: FAssetRegistry took 0.0032 seconds to start up
[2020.12.05-03.45.14:102][  0]LogInit: Selected Device Profile: [Windows]
[2020.12.05-03.45.14:234][  0]LogMeshReduction: Using QuadricMeshReduction for automatic static mesh reduction
[2020.12.05-03.45.14:234][  0]LogMeshReduction: Using SimplygonMeshReduction for automatic skeletal mesh reduction
[2020.12.05-03.45.14:234][  0]LogMeshReduction: Using ProxyLODMeshReduction for automatic mesh merging
[2020.12.05-03.45.14:234][  0]LogMeshReduction: No distributed automatic mesh merging module available
[2020.12.05-03.45.14:234][  0]LogMeshMerging: No distributed automatic mesh merging module available
[2020.12.05-03.45.14:254][  0]LogNetVersion: Winter_Game_Jam 1.0.0, NetCL: 13144385, EngineNetVer: 14, GameNetVer: 0 (Checksum: 1680147362)
[2020.12.05-03.45.14:732][  0]LogAISub: UAISubsystem::UAISubsystem AISubsystem (000002E287795BC0), frame # 0
[2020.12.05-03.45.14:732][  0]LogAISub: UAISubsystem::UAISubsystem AIPerceptionSystem (000002E2876DEAC0), frame # 0
[2020.12.05-03.45.14:733][  0]LogAISub: UAISubsystem::UAISubsystem EnvQueryManager (000002E287768800), frame # 0
[2020.12.05-03.45.14:772][  0]LogPackageLocalizationCache: Processed 19 localized package path(s) for 1 prioritized culture(s) in 0.033016 seconds
[2020.12.05-03.45.14:777][  0]LogUObjectArray: 15917 objects as part of root set at end of initial load.
[2020.12.05-03.45.14:777][  0]LogUObjectAllocator: 3965568 out of 0 bytes used by permanent object pool.
[2020.12.05-03.45.14:777][  0]LogUObjectArray: CloseDisregardForGC: 0/0 objects in disregard for GC pool
[2020.12.05-03.45.15:255][  0]LogTcpMessaging: Initializing TcpMessaging bridge
[2020.12.05-03.45.15:263][  0]LogUdpMessaging: Initializing bridge on interface 0.0.0.0:0 to multicast group 230.0.0.1:6666.
[2020.12.05-03.45.15:380][  0]SourceControl: Source control is disabled
[2020.12.05-03.45.15:380][  0]SourceControl: Source control is disabled
[2020.12.05-03.45.15:384][  0]SourceControl: Source control is disabled
[2020.12.05-03.45.15:389][  0]SourceControl: Source control is disabled
[2020.12.05-03.45.15:401][  0]SourceControl: Source control is disabled
[2020.12.05-03.45.15:799][  0]LogAndroidPermission: UAndroidPermissionCallbackProxy::GetInstance
[2020.12.05-03.45.15:835][  0]LogAudioCaptureCore: Display: No Audio Capture implementations found. Audio input will be silent.
[2020.12.05-03.45.15:835][  0]LogAudioCaptureCore: Display: No Audio Capture implementations found. Audio input will be silent.
[2020.12.05-03.45.15:922][  0]LogOcInput: OculusInput pre-init called
[2020.12.05-03.45.15:948][  0]LogWindows: Failed to load 'OVRPlugin.dll' (GetLastError=126)
[2020.12.05-03.45.15:949][  0]LogWindows: File 'OVRPlugin.dll' does not exist
[2020.12.05-03.45.16:041][  0]LogEngine: Initializing Engine...
[2020.12.05-03.45.16:043][  0]LogHMD: Failed to initialize OpenVR with code 110
[2020.12.05-03.45.16:043][  0]LogMagicLeap: Warning: VR disabled because ZI is not enabled.  To enable, in the editor, Edit -> Project Settings -> Plugins -> Magic Leap Plugin -> Enable Zero Iteration
[2020.12.05-03.45.16:045][  0]LogStats: UGameplayTagsManager::InitializeManager -  0.000 s
[2020.12.05-03.45.16:234][  0]LogInit: Initializing FReadOnlyCVARCache
[2020.12.05-03.45.16:251][  0]LogAIModule: Creating AISystem for world Untitled
[2020.12.05-03.45.16:251][  0]LogAISub: UAISubsystem::UAISubsystem EnvQueryManager (000002E28B343C00), frame # 0
[2020.12.05-03.45.16:251][  0]LogAISub: UAISubsystem::UAISubsystem AIPerceptionSystem (000002E28B36B100), frame # 0
[2020.12.05-03.45.16:267][  0]LogAudioMixer: Display: Audio Mixer Platform Settings:
[2020.12.05-03.45.16:267][  0]LogAudioMixer: Display: 	Sample Rate:						  48000
[2020.12.05-03.45.16:267][  0]LogAudioMixer: Display: 	Callback Buffer Frame Size Requested: 1024
[2020.12.05-03.45.16:267][  0]LogAudioMixer: Display: 	Callback Buffer Frame Size To Use:	  1024
[2020.12.05-03.45.16:267][  0]LogAudioMixer: Display: 	Number of buffers to queue:			  2
[2020.12.05-03.45.16:267][  0]LogAudioMixer: Display: 	Max Channels (voices):				  32
[2020.12.05-03.45.16:267][  0]LogAudioMixer: Display: 	Number of Async Source Workers:		  0
[2020.12.05-03.45.16:267][  0]LogAudio: Display: AudioDevice MaxSources: 32
[2020.12.05-03.45.16:267][  0]LogAudio: Display: Using built-in audio occlusion.
[2020.12.05-03.45.16:267][  0]LogAudioMixer: Display: Initializing audio mixer.
[2020.12.05-03.45.16:291][  0]LogAudioMixer: Display: 0: FrontLeft
[2020.12.05-03.45.16:291][  0]LogAudioMixer: Display: 1: FrontRight
[2020.12.05-03.45.16:338][  0]LogAudioMixer: Display: Using Audio Device Speakers (High Definition Audio Device)
[2020.12.05-03.45.16:341][  0]LogAudioMixer: Display: Initializing Sound Submixes...
[2020.12.05-03.45.16:345][  0]LogAudioMixer: Display: Creating Master Submix 'MasterSubmixDefault'
[2020.12.05-03.45.16:345][  0]LogAudioMixer: Display: Creating Master Submix 'MasterReverbSubmixDefault'
[2020.12.05-03.45.16:347][  0]LogAudioMixer: Display: Creating Master Submix 'MasterEQSubmixDefault'
[2020.12.05-03.45.16:348][  0]LogInit: FAudioDevice initialized.
[2020.12.05-03.45.16:348][  0]LogNetVersion: Set ProjectVersion to 1.0.0.0. Version Checksum will be recalculated on next use.
[2020.12.05-03.45.16:520][  0]LogDerivedDataCache: Saved boot cache 0.17s 75MB C:/Users/Shukei_Hakuteiken/AppData/Local/UnrealEngine/4.25/DerivedDataCache/Boot.ddc.
[2020.12.05-03.45.16:520][  0]LogInit: Texture streaming: Enabled
[2020.12.05-03.45.16:547][  0]LogEngineSessionManager: EngineSessionManager initialized
[2020.12.05-03.45.16:547][  0]LogEditorSessionSummary: Verbose: Initializing EditorSessionSummaryWriter for editor session tracking
[2020.12.05-03.45.16:556][  0]LogEditorSessionSummary: EditorSessionSummaryWriter initialized
[2020.12.05-03.45.16:605][  0]LogInit: Transaction tracking system initialized
[2020.12.05-03.45.16:641][  0]BlueprintLog: New page: Editor Load
[2020.12.05-03.45.16:754][  0]LocalizationService: Localization service is disabled
[2020.12.05-03.45.16:966][  0]LogCook: Display: Max memory allowance for cook 16384mb min free memory 0mb
[2020.12.05-03.45.16:966][  0]LogCook: Display: Mobile HDR setting 1
[2020.12.05-03.45.17:179][  0]LogFileCache: Scanning file cache for directory 'D:/Projects/Winter_Game_Jam/Winter_Game_Jam/Content/' took 0.01s
[2020.12.05-03.45.17:445][  0]SourceControl: Source control is disabled
[2020.12.05-03.45.17:445][  0]LogUnrealEdMisc: Loading editor; pre map load, took 9.139
[2020.12.05-03.45.17:445][  0]Cmd: MAP LOAD FILE="D:/Projects/Winter_Game_Jam/Winter_Game_Jam/Content/FirstPersonBP/Maps/Level_One.umap" TEMPLATE=0 SHOWPROGRESS=1 FEATURELEVEL=3
[2020.12.05-03.45.17:446][  0]LightingResults: New page: Lighting Build
[2020.12.05-03.45.17:446][  0]LogWorld: UWorld::CleanupWorld for Untitled, bSessionEnded=true, bCleanupResources=true
[2020.12.05-03.45.17:446][  0]LogSlate: InvalidateAllWidgets triggered.  All widgets were invalidated
[2020.12.05-03.45.17:446][  0]MapCheck: New page: Map Check
[2020.12.05-03.45.17:446][  0]LightingResults: New page: Lighting Build
[2020.12.05-03.45.17:455][  0]LogAISub: UAISubsystem::~UAISubsystem EnvQueryManager (000002E28B343C00), frame # 0
[2020.12.05-03.45.17:455][  0]LogAISub: UAISubsystem::~UAISubsystem AIPerceptionSystem (000002E28B36B100), frame # 0
[2020.12.05-03.45.17:457][  0]LogUObjectHash: Compacting FUObjectHashTables data took   0.97ms
[2020.12.05-03.45.18:100][  0]LogAIModule: Creating AISystem for world Level_One
[2020.12.05-03.45.18:100][  0]LogAISub: UAISubsystem::UAISubsystem EnvQueryManager (000002E282B03E00), frame # 0
[2020.12.05-03.45.18:100][  0]LogAISub: UAISubsystem::UAISubsystem AIPerceptionSystem (000002E282AE7B00), frame # 0
[2020.12.05-03.45.18:855][  0]LogEditorServer: Finished looking for orphan Actors (0.000 secs)
[2020.12.05-03.45.18:924][  0]LogUObjectHash: Compacting FUObjectHashTables data took   0.96ms
[2020.12.05-03.45.18:924][  0]Cmd: MAP CHECKDEP NOCLEARLOG
[2020.12.05-03.45.18:925][  0]MapCheck: Map check complete: 0 Error(s), 0 Warning(s), took 0.106ms to complete.
[2020.12.05-03.45.18:925][  0]LogFileHelpers: Loading map 'Level_One' took 1.479
[2020.12.05-03.45.18:927][  0]LogUnrealEdMisc: Total Editor Startup Time, took 10.621
[2020.12.05-03.45.19:089][  0]LogSlate: Updating window title bar state: overlay mode, drag disabled, window buttons hidden, title bar hidden
[2020.12.05-03.45.19:101][  0]LogSlate: Updating window title bar state: overlay mode, drag disabled, window buttons hidden, title bar hidden
[2020.12.05-03.45.19:109][  0]LogSlate: Updating window title bar state: overlay mode, drag disabled, window buttons hidden, title bar hidden
[2020.12.05-03.45.19:119][  0]LogSlate: Updating window title bar state: overlay mode, drag disabled, window buttons hidden, title bar hidden
[2020.12.05-03.45.19:134][  0]LogCollectionManager: Loaded 0 collections in 0.003679 seconds
[2020.12.05-03.45.19:155][  0]LogFileCache: Scanning file cache for directory 'D:/Projects/Winter_Game_Jam/Winter_Game_Jam/Saved/Collections/' took 0.00s
[2020.12.05-03.45.19:155][  0]LogFileCache: Scanning file cache for directory 'D:/Projects/Winter_Game_Jam/Winter_Game_Jam/Content/Developers/ShukeiHakuteiken/Collections/' took 0.00s
[2020.12.05-03.45.19:155][  0]LogFileCache: Scanning file cache for directory 'D:/Projects/Winter_Game_Jam/Winter_Game_Jam/Content/Collections/' took 0.00s
[2020.12.05-03.45.19:155][  0]LogContentBrowser: Native class hierarchy populated in 0.0134 seconds. Added 3427 classes and 821 folders.
[2020.12.05-03.45.19:157][  0]LogContentBrowser: Native class hierarchy updated for 'WidgetCarousel' in 0.0003 seconds. Added 0 classes and 0 folders.
[2020.12.05-03.45.19:260][  0]LogContentBrowser: Native class hierarchy updated for 'AddContentDialog' in 0.0005 seconds. Added 0 classes and 0 folders.
[2020.12.05-03.45.19:261][  0]LogContentBrowser: Native class hierarchy updated for 'SceneOutliner' in 0.0005 seconds. Added 2 classes and 0 folders.
[2020.12.05-03.45.19:445][  0]LogSlate: Took 0.000446 seconds to synchronously load lazily loaded font '../../../Engine/Content/Slate/Fonts/Roboto-Regular.ttf' (155K)
[2020.12.05-03.45.19:448][  0]LogSlate: Took 0.000357 seconds to synchronously load lazily loaded font '../../../Engine/Content/Slate/Fonts/Roboto-Bold.ttf' (160K)
[2020.12.05-03.45.19:453][  0]LogSlate: Took 0.000372 seconds to synchronously load lazily loaded font '../../../Engine/Content/Editor/Slate/Fonts/FontAwesome.ttf' (139K)
[2020.12.05-03.45.19:597][  0]LogRenderer: Reallocating scene render targets to support 1184x608 Format 10 NumSamples 1 (Frame:1).
[2020.12.05-03.45.19:754][  0]LogContentBrowser: Native class hierarchy updated for 'HierarchicalLODOutliner' in 0.0004 seconds. Added 0 classes and 0 folders.
[2020.12.05-03.45.19:754][  0]LogLoad: (Engine Initialization) Total time: 11.45 seconds
[2020.12.05-03.45.19:754][  0]LogLoad: (Engine Initialization) Total Blueprint compile time: 0.00 seconds
[2020.12.05-03.45.19:812][  0]LogAssetRegistry: Asset discovery search completed in 5.9661 seconds
[2020.12.05-03.45.19:818][  0]LogCollectionManager: Fixed up redirectors for 0 collections in 0.000005 seconds (updated 0 objects)
[2020.12.05-03.45.19:829][  0]LogContentStreaming: Texture pool size now 1000 MB
[2020.12.05-03.45.19:853][  0]LogSlate: Took 0.000272 seconds to synchronously load lazily loaded font '../../../Engine/Content/Slate/Fonts/Roboto-Light.ttf' (167K)
[2020.12.05-03.45.38:387][480]LogTexture: Display: Building textures: Texture2D_2 (G8, 128X128)
[2020.12.05-03.45.38:436][480]LogSlate: Took 0.000283 seconds to synchronously load lazily loaded font '../../../Engine/Content/Slate/Fonts/Roboto-Italic.ttf' (157K)
[2020.12.05-03.45.44:515][120]LogSlate: WidgetSwitcher ('None') active index changed to 2
[2020.12.05-03.46.20:622][485]LogTexture: Display: Building textures: T_bb_poplar_a_m (AutoDXT, 128X4096)
[2020.12.05-03.46.20:622][485]LogTexture: Display: Building textures: T_bb_poplar_smalls_n (BC5, 256X4096)
[2020.12.05-03.46.20:622][485]LogTexture: Display: Building textures: T_bb_poplar_a_bc (AutoDXT, 128X4096)
[2020.12.05-03.46.20:622][485]LogTexture: Display: Building textures: T_bb_poplar_smalls_bc (AutoDXT, 256X4096)
[2020.12.05-03.46.20:622][485]LogTexture: Display: Building textures: T_bb_poplar_smalls_m (AutoDXT, 256X4096)
[2020.12.05-03.46.20:622][485]LogTexture: Display: Building textures: T_bb_poplar_a_n (BC5, 128X4096)
[2020.12.05-03.46.20:622][485]LogTexture: Display: Building textures: T_poplar_bark_big_a_bc (AutoDXT, 2048X4096)
[2020.12.05-03.46.20:622][485]LogTexture: Display: Building textures: T_poplar_bark_big_a_n (BC5, 2048X4096)
[2020.12.05-03.46.20:622][485]LogTexture: Display: Building textures: T_poplar_branches_winter_n (BC5, 4096X2048)
[2020.12.05-03.46.20:622][485]LogTexture: Display: Building textures: T_poplar_barks_a_h (AutoDXT, 4096X4096)
[2020.12.05-03.46.20:622][485]LogTexture: Display: Building textures: T_poplar_barks_a_bc (AutoDXT, 4096X4096)
[2020.12.05-03.46.20:622][485]LogTexture: Display: Building textures: T_poplar_barks_a_n (BC5, 4096X4096)
[2020.12.05-03.46.20:622][485]LogTexture: Display: Building textures: T_poplar_bark_detail_n (BC5, 256X1024)
[2020.12.05-03.46.20:622][485]LogTexture: Display: Building textures: T_poplar_bark_big_a_h (AutoDXT, 2048X4096)
[2020.12.05-03.46.20:622][485]LogTexture: Display: Building textures: T_poplar_branches_winter_bc (AutoDXT, 4096X2048)
[2020.12.05-03.46.20:622][485]LogTexture: Display: Building textures: T_poplar_branches_winter_m (AutoDXT, 4096X2048)
[2020.12.05-03.46.20:622][485]LogMaterial: Display: Missing cached shader map for material M_MASTER_poplar_barks, compiling. 
[2020.12.05-03.46.25:267][485]LogShaderCompilers: Display: Worker (1/5): shaders left to compile 139
[2020.12.05-03.46.25:267][485]LogShaderCompilers: Display: Worker (2/5): shaders left to compile 129
[2020.12.05-03.46.25:267][485]LogShaderCompilers: Display: Worker (3/5): shaders left to compile 119
[2020.12.05-03.46.25:267][485]LogShaderCompilers: Display: Worker (4/5): shaders left to compile 109
[2020.12.05-03.46.25:267][485]LogMaterial: Display: Missing cached shader map for material M_MASTER_poplar_barks_tsl, compiling. 
[2020.12.05-03.46.25:847][485]LogMaterial: Display: Missing cached shader map for material M_poplar_branches_winter, compiling. 
[2020.12.05-03.46.25:949][485]LogStaticMesh: Building static mesh SM_poplar_a_small_f...
[2020.12.05-03.46.25:956][485]LogSlate: Took 0.000469 seconds to synchronously load lazily loaded font '../../../Engine/Content/Slate/Fonts/Roboto-Light.ttf' (167K)
[2020.12.05-03.46.26:141][485]LogStaticMesh: Built static mesh [0.19s] /Game/Poplar_Forest/Meshes/Poplar_a/SM_poplar_a_small_f.SM_poplar_a_small_f
[2020.12.05-03.46.26:176][485]LogMaterial: Display: Missing cached shader map for material M_MASTER_Billboard, compiling. 
[2020.12.05-03.46.26:900][539]LogShaderCompilers: Display: Worker (2/5): shaders left to compile 514
[2020.12.05-03.46.27:436][571]LogShaderCompilers: Display: Worker (3/5): shaders left to compile 504
[2020.12.05-03.46.28:127][604]LogShaderCompilers: Display: Worker (4/5): shaders left to compile 494
[2020.12.05-03.46.30:292][687]LogShaderCompilers: Display: Worker (1/5): shaders left to compile 484
[2020.12.05-03.46.30:389][693]LogMaterial: Display: Missing cached shader map for material M_poplar_branches_winter_LOD, compiling. 
[2020.12.05-03.46.30:506][693]LogTexture: Display: Building textures: T_bb_poplar_smalls_winter_m (AutoDXT, 256X4096)
[2020.12.05-03.46.30:506][693]LogTexture: Display: Building textures: T_bb_poplar_smalls_winter_n (BC5, 256X4096)
[2020.12.05-03.46.30:506][693]LogTexture: Display: Building textures: T_bb_poplar_smalls_winter_bc (AutoDXT, 256X4096)
[2020.12.05-03.46.30:506][693]LogStaticMesh: Building static mesh SM_poplar_a_small_f_winter...
[2020.12.05-03.46.30:559][693]LogStaticMesh: Built static mesh [0.05s] /Game/Poplar_Forest/Meshes/Poplar_a/SM_poplar_a_small_f_winter.SM_poplar_a_small_f_winter
[2020.12.05-03.46.30:595][693]LogMaterial: Display: Missing cached shader map for material M_MASTER_Billboard, compiling. 
[2020.12.05-03.46.39:662][785]LogTexture: Display: Building textures: T_poplar_barks_a_snow_bc (AutoDXT, 4096X4096)
[2020.12.05-03.46.39:662][785]LogShaderCompilers: Display: Worker (2/5): shaders left to compile 730
[2020.12.05-03.46.39:662][785]LogTexture: Display: Building textures: T_poplar_barks_a_snow_n (BC5, 4096X4096)
[2020.12.05-03.46.39:662][785]LogShaderCompilers: Display: Worker (4/5): shaders left to compile 720
[2020.12.05-03.46.39:662][785]LogShaderCompilers: Display: Worker (3/5): shaders left to compile 710
[2020.12.05-03.46.39:662][785]LogShaderCompilers: Display: Worker (1/5): shaders left to compile 700
[2020.12.05-03.46.39:663][785]LogShaderCompilers: Display: Worker (2/5): shaders left to compile 690
[2020.12.05-03.46.39:663][785]LogStaticMesh: Building static mesh SM_poplar_a_small_f_winter_s...
[2020.12.05-03.46.39:717][785]LogStaticMesh: Built static mesh [0.05s] /Game/Poplar_Forest/Meshes/Poplar_a/SM_poplar_a_small_f_winter_s.SM_poplar_a_small_f_winter_s
[2020.12.05-03.46.40:325][841]LogShaderCompilers: Display: Worker (3/5): shaders left to compile 680
[2020.12.05-03.46.41:609][885]LogStaticMesh: Building static mesh SM_poplar_a_small_g...
[2020.12.05-03.46.41:904][885]LogStaticMesh: Built static mesh [0.30s] /Game/Poplar_Forest/Meshes/Poplar_a/SM_poplar_a_small_g.SM_poplar_a_small_g
[2020.12.05-03.46.43:556][960]LogStaticMesh: Building static mesh SM_poplar_a_small_g_winter...
[2020.12.05-03.46.43:638][960]LogStaticMesh: Built static mesh [0.08s] /Game/Poplar_Forest/Meshes/Poplar_a/SM_poplar_a_small_g_winter.SM_poplar_a_small_g_winter
[2020.12.05-03.46.45:148][ 36]LogStaticMesh: Building static mesh SM_poplar_a_small_g_winter_s...
[2020.12.05-03.46.45:221][ 36]LogStaticMesh: Built static mesh [0.07s] /Game/Poplar_Forest/Meshes/Poplar_a/SM_poplar_a_small_g_winter_s.SM_poplar_a_small_g_winter_s
[2020.12.05-03.46.45:429][ 49]LogShaderCompilers: Display: Worker (4/5): shaders left to compile 670
[2020.12.05-03.46.45:646][ 70]LogShaderCompilers: Display: Worker (1/5): shaders left to compile 660
[2020.12.05-03.46.48:480][161]LogShaderCompilers: Display: Worker (2/5): shaders left to compile 650
[2020.12.05-03.46.48:665][167]LogShaderCompilers: Display: Worker (3/5): shaders left to compile 640
[2020.12.05-03.46.52:378][305]LogTexture: Display: Building textures: T_bb_poplar_a_winter_m (AutoDXT, 128X2048)
[2020.12.05-03.46.52:378][305]LogTexture: Display: Building textures: T_bb_poplar_a_winter_n (BC5, 128X2048)
[2020.12.05-03.46.52:378][305]LogTexture: Display: Building textures: T_bb_poplar_a_winter_bc (AutoDXT, 128X2048)
[2020.12.05-03.46.52:378][305]LogTexture: Display: Building textures: T_poplar_bark_tile_a_bc (AutoDXT, 1024X2048)
[2020.12.05-03.46.52:378][305]LogTexture: Display: Building textures: T_poplar_bark_tile_a_n (BC5, 1024X2048)
[2020.12.05-03.46.52:378][305]LogTexture: Display: Building textures: T_poplar_bark_big_a_snow_bc (AutoDXT, 2048X4096)
[2020.12.05-03.46.52:378][305]LogTexture: Display: Building textures: T_poplar_bark_big_a_snow_n (BC5, 2048X4096)
[2020.12.05-03.46.52:378][305]LogStaticMesh: Building static mesh SM_poplar_a_big_a_winter_s...
[2020.12.05-03.46.52:839][305]LogStaticMesh: Built static mesh [0.46s] /Game/Poplar_Forest/Meshes/Poplar_a/Winter_s/SM_poplar_a_big_a_winter_s.SM_poplar_a_big_a_winter_s
[2020.12.05-03.46.57:218][305]LogShaderCompilers: Display: Worker (1/5): shaders left to compile 630
[2020.12.05-03.46.57:218][305]LogShaderCompilers: Display: Worker (2/5): shaders left to compile 620
[2020.12.05-03.46.57:218][305]LogMaterial: Display: Missing cached shader map for material M_poplar_bark_tile_a, compiling. 
[2020.12.05-03.46.58:510][357]LogShaderCompilers: Display: Worker (1/5): shaders left to compile 749
[2020.12.05-03.46.59:021][382]LogShaderCompilers: Display: Worker (4/5): shaders left to compile 739
[2020.12.05-03.47.02:169][534]LogShaderCompilers: Display: Worker (3/5): shaders left to compile 729
[2020.12.05-03.47.02:273][539]LogShaderCompilers: Display: Worker (2/5): shaders left to compile 719
[2020.12.05-03.47.04:838][660]LogShaderCompilers: Display: Worker (1/5): shaders left to compile 709
[2020.12.05-03.47.06:658][747]LogShaderCompilers: Display: Worker (4/5): shaders left to compile 699
[2020.12.05-03.47.10:188][915]LogShaderCompilers: Display: Worker (2/5): shaders left to compile 689
[2020.12.05-03.47.10:583][932]LogStaticMesh: Building static mesh SM_poplar_a_medium_a_winter_s...
[2020.12.05-03.47.10:727][932]LogStaticMesh: Built static mesh [0.14s] /Game/Poplar_Forest/Meshes/Poplar_a/Winter_s/SM_poplar_a_medium_a_winter_s.SM_poplar_a_medium_a_winter_s
[2020.12.05-03.47.11:057][956]LogShaderCompilers: Display: Worker (3/5): shaders left to compile 679
[2020.12.05-03.47.13:000][ 34]LogShaderCompilers: Display: Worker (1/5): shaders left to compile 669
[2020.12.05-03.47.14:621][ 94]LogShaderCompilers: Display: Worker (4/5): shaders left to compile 659
[2020.12.05-03.47.14:974][109]LogStaticMesh: Building static mesh SM_poplar_a_medium_b_winter_s...
[2020.12.05-03.47.15:139][109]LogStaticMesh: Built static mesh [0.17s] /Game/Poplar_Forest/Meshes/Poplar_a/Winter_s/SM_poplar_a_medium_b_winter_s.SM_poplar_a_medium_b_winter_s
[2020.12.05-03.47.17:549][210]LogShaderCompilers: Display: Worker (2/5): shaders left to compile 649
[2020.12.05-03.47.18:171][226]LogStaticMesh: Building static mesh SM_poplar_a_medium_c_winter_s...
[2020.12.05-03.47.18:328][226]LogStaticMesh: Built static mesh [0.16s] /Game/Poplar_Forest/Meshes/Poplar_a/Winter_s/SM_poplar_a_medium_c_winter_s.SM_poplar_a_medium_c_winter_s
[2020.12.05-03.47.19:204][278]LogShaderCompilers: Display: Worker (1/5): shaders left to compile 639
[2020.12.05-03.47.19:449][286]LogShaderCompilers: Display: Worker (3/5): shaders left to compile 629
[2020.12.05-03.47.21:982][388]LogShaderCompilers: Display: Worker (4/5): shaders left to compile 619
[2020.12.05-03.47.23:750][467]LogShaderCompilers: Display: Worker (2/5): shaders left to compile 609
[2020.12.05-03.47.26:529][613]LogShaderCompilers: Display: Worker (1/5): shaders left to compile 599
[2020.12.05-03.47.28:015][705]LogShaderCompilers: Display: Worker (4/5): shaders left to compile 589
[2020.12.05-03.47.29:064][769]LogShaderCompilers: Display: Worker (3/5): shaders left to compile 579
[2020.12.05-03.47.31:732][931]LogShaderCompilers: Display: Worker (2/5): shaders left to compile 569
[2020.12.05-03.47.34:766][111]LogShaderCompilers: Display: Worker (4/5): shaders left to compile 559
[2020.12.05-03.47.34:979][131]LogShaderCompilers: Display: Worker (1/5): shaders left to compile 549
[2020.12.05-03.47.36:674][202]LogShaderCompilers: Display: Worker (3/5): shaders left to compile 539
[2020.12.05-03.47.39:172][344]LogShaderCompilers: Display: Worker (2/5): shaders left to compile 529
[2020.12.05-03.47.42:635][516]LogShaderCompilers: Display: Worker (4/5): shaders left to compile 519
[2020.12.05-03.47.44:918][608]LogShaderCompilers: Display: Worker (1/5): shaders left to compile 509
[2020.12.05-03.47.45:056][619]LogShaderCompilers: Display: Worker (3/5): shaders left to compile 499
[2020.12.05-03.47.50:820][946]LogShaderCompilers: Display: Worker (2/5): shaders left to compile 489
[2020.12.05-03.47.52:349][ 31]LogShaderCompilers: Display: Worker (4/5): shaders left to compile 479
[2020.12.05-03.47.54:983][175]LogShaderCompilers: Display: Worker (3/5): shaders left to compile 469
[2020.12.05-03.47.55:360][189]LogShaderCompilers: Display: Worker (1/5): shaders left to compile 459
[2020.12.05-03.47.59:319][361]LogShaderCompilers: Display: Worker (2/5): shaders left to compile 449
[2020.12.05-03.48.01:284][460]LogShaderCompilers: Display: Worker (4/5): shaders left to compile 439
[2020.12.05-03.48.02:525][523]LogShaderCompilers: Display: Worker (1/5): shaders left to compile 429
[2020.12.05-03.48.03:580][562]LogShaderCompilers: Display: Worker (3/5): shaders left to compile 419
[2020.12.05-03.48.08:700][700]LogShaderCompilers: Display: Worker (4/5): shaders left to compile 409
[2020.12.05-03.48.10:030][737]LogShaderCompilers: Display: Worker (2/5): shaders left to compile 399
[2020.12.05-03.48.13:288][827]LogShaderCompilers: Display: Worker (3/5): shaders left to compile 389
[2020.12.05-03.48.14:110][847]LogShaderCompilers: Display: Worker (1/5): shaders left to compile 379
[2020.12.05-03.48.14:821][864]LogTemp: Repeating last play command: Selected Viewport
[2020.12.05-03.48.14:833][864]LogPlayLevel: PlayLevel: No blueprints needed recompiling
[2020.12.05-03.48.14:834][864]PIE: New page: PIE session: Level_One (Dec 4, 2020, 3:48:14 PM)
[2020.12.05-03.48.14:835][864]LogOnline: OSS: Creating online subsystem instance for: NULL
[2020.12.05-03.48.14:837][864]LogOnline: OSS: TryLoadSubsystemAndSetDefault: Loaded subsystem for module [NULL]
[2020.12.05-03.48.14:837][864]LogPlayLevel: Creating play world package: /Game/FirstPersonBP/Maps/UEDPIE_0_Level_One
[2020.12.05-03.48.15:150][864]LogPlayLevel: PIE: StaticDuplicateObject took: (0.311798s)
[2020.12.05-03.48.15:151][864]LogAIModule: Creating AISystem for world Level_One
[2020.12.05-03.48.15:151][864]LogAISub: UAISubsystem::UAISubsystem EnvQueryManager (000002E2C4646200), frame # 7864
[2020.12.05-03.48.15:151][864]LogAISub: UAISubsystem::UAISubsystem AIPerceptionSystem (000002E3105F7600), frame # 7864
[2020.12.05-03.48.15:152][864]LogPlayLevel: PIE: World Init took: (0.002144s)
[2020.12.05-03.48.15:152][864]LogPlayLevel: PIE: Created PIE world by copying editor world from /Game/FirstPersonBP/Maps/Level_One.Level_One to /Game/FirstPersonBP/Maps/UEDPIE_0_Level_One.Level_One (0.314272s)
[2020.12.05-03.48.15:164][864]LogUObjectHash: Compacting FUObjectHashTables data took   1.19ms
[2020.12.05-03.48.15:173][864]LogAudioMixer: Display: Audio Mixer Platform Settings:
[2020.12.05-03.48.15:173][864]LogAudioMixer: Display: 	Sample Rate:						  48000
[2020.12.05-03.48.15:173][864]LogAudioMixer: Display: 	Callback Buffer Frame Size Requested: 1024
[2020.12.05-03.48.15:173][864]LogAudioMixer: Display: 	Callback Buffer Frame Size To Use:	  1024
[2020.12.05-03.48.15:173][864]LogAudioMixer: Display: 	Number of buffers to queue:			  2
[2020.12.05-03.48.15:173][864]LogAudioMixer: Display: 	Max Channels (voices):				  32
[2020.12.05-03.48.15:173][864]LogAudioMixer: Display: 	Number of Async Source Workers:		  0
[2020.12.05-03.48.15:173][864]LogAudio: Display: AudioDevice MaxSources: 32
[2020.12.05-03.48.15:174][864]LogAudio: Display: Using built-in audio occlusion.
[2020.12.05-03.48.15:175][864]LogAudioMixer: Display: Initializing audio mixer.
[2020.12.05-03.48.15:182][864]LogAudioMixer: Display: 0: FrontLeft
[2020.12.05-03.48.15:182][864]LogAudioMixer: Display: 1: FrontRight
[2020.12.05-03.48.15:216][864]LogAudioMixer: Display: Using Audio Device Speakers (High Definition Audio Device)
[2020.12.05-03.48.15:216][864]LogAudioMixer: Display: Initializing Sound Submixes...
[2020.12.05-03.48.15:216][864]LogAudioMixer: Display: Creating Master Submix 'MasterSubmixDefault'
[2020.12.05-03.48.15:216][864]LogAudioMixer: Display: Creating Master Submix 'MasterReverbSubmixDefault'
[2020.12.05-03.48.15:217][864]LogAudioMixer: Display: Creating Master Submix 'MasterEQSubmixDefault'
[2020.12.05-03.48.15:250][864]LogInit: FAudioDevice initialized.
[2020.12.05-03.48.15:564][864]LogLoad: Game class is 'FirstPersonGameMode_C'
[2020.12.05-03.48.15:625][864]LogWorld: Bringing World /Game/FirstPersonBP/Maps/UEDPIE_0_Level_One.Level_One up for play (max tick rate 0) at 2020.12.04-21.48.15
[2020.12.05-03.48.15:626][864]LogWorld: Bringing up level for play took: 0.060450
[2020.12.05-03.48.15:627][864]LogOnline: OSS: Creating online subsystem instance for: :Context_4
[2020.12.05-03.48.15:635][864]LogContentBrowser: Native class hierarchy updated for 'MovieSceneCapture' in 0.0010 seconds. Added 20 classes and 0 folders.
[2020.12.05-03.48.15:646][864]PIE: Server logged in
[2020.12.05-03.48.15:651][864]PIE: Play in editor total start time 0.823 seconds.
[2020.12.05-03.48.16:847][899]LogShaderCompilers: Display: Worker (2/5): shaders left to compile 369
[2020.12.05-03.48.17:488][910]LogShaderCompilers: Display: Worker (4/5): shaders left to compile 359
[2020.12.05-03.48.18:480][929]LogSlate: Updating window title bar state: overlay mode, drag disabled, window buttons hidden, title bar hidden
[2020.12.05-03.48.18:480][929]LogWorld: BeginTearingDown for /Game/FirstPersonBP/Maps/UEDPIE_0_Level_One
[2020.12.05-03.48.18:482][929]LogWorld: UWorld::CleanupWorld for Level_One, bSessionEnded=true, bCleanupResources=true
[2020.12.05-03.48.18:493][929]LogSlate: InvalidateAllWidgets triggered.  All widgets were invalidated
[2020.12.05-03.48.18:578][929]LogPlayLevel: Display: Shutting down PIE online subsystems
[2020.12.05-03.48.18:584][929]LogSlate: InvalidateAllWidgets triggered.  All widgets were invalidated
[2020.12.05-03.48.18:644][929]LogSlate: Updating window title bar state: overlay mode, drag disabled, window buttons hidden, title bar hidden
[2020.12.05-03.48.18:673][929]LogShaderCompilers: Display: Worker (3/5): shaders left to compile 349
[2020.12.05-03.48.18:680][929]LogShaderCompilers: Display: Worker (1/5): shaders left to compile 339
[2020.12.05-03.48.18:690][929]LogAISub: UAISubsystem::~UAISubsystem EnvQueryManager (000002E2C4646200), frame # 7929
[2020.12.05-03.48.18:690][929]LogAISub: UAISubsystem::~UAISubsystem AIPerceptionSystem (000002E3105F7600), frame # 7929
[2020.12.05-03.48.18:693][929]LogUObjectHash: Compacting FUObjectHashTables data took   1.69ms
[2020.12.05-03.48.18:746][930]LogPlayLevel: Display: Destroying online subsystem :Context_4
[2020.12.05-03.48.22:277][  4]LogShaderCompilers: Display: Worker (4/5): shaders left to compile 329
[2020.12.05-03.48.22:663][ 10]LogShaderCompilers: Display: Worker (2/5): shaders left to compile 319
[2020.12.05-03.48.23:717][ 31]LogShaderCompilers: Display: Worker (3/5): shaders left to compile 309
[2020.12.05-03.48.24:404][ 39]LogShaderCompilers: Display: Worker (1/5): shaders left to compile 299
[2020.12.05-03.48.25:555][ 49]LogShaderCompilers: Display: Worker (4/5): shaders left to compile 289
[2020.12.05-03.48.26:953][ 62]LogShaderCompilers: Display: Worker (2/5): shaders left to compile 279
[2020.12.05-03.48.27:263][ 64]LogShaderCompilers: Display: Worker (3/5): shaders left to compile 269
[2020.12.05-03.48.27:681][ 67]LogShaderCompilers: Display: Worker (1/5): shaders left to compile 259
[2020.12.05-03.48.30:778][119]LogShaderCompilers: Display: Worker (4/5): shaders left to compile 249
[2020.12.05-03.48.31:246][129]LogShaderCompilers: Display: Worker (2/5): shaders left to compile 239
[2020.12.05-03.48.31:881][142]Cmd: SELECT NONE
[2020.12.05-03.48.33:113][168]LogShaderCompilers: Display: Worker (3/5): shaders left to compile 229
[2020.12.05-03.48.33:559][177]LogShaderCompilers: Display: Worker (1/5): shaders left to compile 219
[2020.12.05-03.48.36:648][306]LogShaderCompilers: Display: Worker (4/5): shaders left to compile 209
[2020.12.05-03.48.36:814][308]LogShaderCompilers: Display: Worker (2/5): shaders left to compile 199
[2020.12.05-03.48.37:836][329]LogShaderCompilers: Display: Worker (3/5): shaders left to compile 189
[2020.12.05-03.48.39:447][344]LogShaderCompilers: Display: Worker (1/5): shaders left to compile 179
[2020.12.05-03.48.40:789][344]LogSlate: Window 'Choose Location for Foliage Type Asset' being destroyed
[2020.12.05-03.48.41:517][358]LogShaderCompilers: Display: Worker (4/5): shaders left to compile 169
[2020.12.05-03.48.42:623][375]LogShaderCompilers: Display: Worker (2/5): shaders left to compile 159
[2020.12.05-03.48.43:971][396]LogShaderCompilers: Display: Worker (3/5): shaders left to compile 149
[2020.12.05-03.48.46:524][435]LogShaderCompilers: Display: Worker (1/5): shaders left to compile 139
[2020.12.05-03.48.48:803][470]LogShaderCompilers: Display: Worker (4/5): shaders left to compile 129
[2020.12.05-03.48.49:032][474]LogShaderCompilers: Display: Worker (2/5): shaders left to compile 119
[2020.12.05-03.48.50:392][495]LogShaderCompilers: Display: Worker (1/5): shaders left to compile 109
[2020.12.05-03.48.51:308][510]LogShaderCompilers: Display: Worker (3/5): shaders left to compile 99
[2020.12.05-03.48.53:830][550]LogShaderCompilers: Display: Worker (4/5): shaders left to compile 89
[2020.12.05-03.48.53:930][551]LogShaderCompilers: Display: Worker (1/5): shaders left to compile 79
[2020.12.05-03.48.54:440][559]LogShaderCompilers: Display: Worker (2/5): shaders left to compile 69
[2020.12.05-03.48.55:884][583]LogShaderCompilers: Display: Worker (3/5): shaders left to compile 59
[2020.12.05-03.48.57:412][587]LogShaderCompilers: Display: Worker (1/5): shaders left to compile 49
[2020.12.05-03.48.57:869][587]LogSlate: Window 'Message' being destroyed
[2020.12.05-03.48.57:875][587]Message dialog closed, result: Yes, title: Message, text: Are you sure you want to remove 4,708 instances?
[2020.12.05-03.48.57:981][591]LogShaderCompilers: Display: Worker (4/5): shaders left to compile 39
[2020.12.05-03.48.59:016][619]LogShaderCompilers: Display: Worker (2/5): shaders left to compile 29
[2020.12.05-03.49.00:928][660]LogShaderCompilers: Display: Worker (3/5): shaders left to compile 21
[2020.12.05-03.49.04:235][736]LogShaderCompilers: Display: Worker (4/5): shaders left to compile 15
[2020.12.05-03.49.04:235][736]LogShaderCompilers: Display: Worker (1/5): shaders left to compile 11
[2020.12.05-03.49.04:602][736]LogShaderCompilers: Display: Worker (3/5): shaders left to compile 8
[2020.12.05-03.49.05:585][736]LogSlate: Window 'Message' being destroyed
[2020.12.05-03.49.05:591][736]Message dialog closed, result: Yes, title: Message, text: Are you sure you want to remove 42,675 instances?
[2020.12.05-03.49.05:679][741]LogShaderCompilers: Display: Worker (2/5): shaders left to compile 5
[2020.12.05-03.49.05:809][748]LogShaderCompilers: Display: Worker (1/5): shaders left to compile 3
[2020.12.05-03.49.06:182][771]LogShaderCompilers: Display: Worker (3/5): shaders left to compile 2
[2020.12.05-03.49.06:626][796]LogShaderCompilers: Display: Worker (3/5): shaders left to compile 1
[2020.12.05-03.49.08:258][935]Cmd: TRANSACTION UNDO
[2020.12.05-03.49.08:258][935]LogEditorTransaction: Undo Foliage Editing: Remove Mesh
[2020.12.05-03.49.13:997][ 76]LogSlate: Window 'Message' being destroyed
[2020.12.05-03.49.14:002][ 76]Message dialog closed, result: Yes, title: Message, text: Are you sure you want to remove 4,758 instances?
[2020.12.05-03.49.19:207][254]Cmd: TRANSACTION UNDO
[2020.12.05-03.49.19:208][254]LogEditorTransaction: Undo Foliage Editing: Remove Mesh
[2020.12.05-03.49.19:439][258]Cmd: TRANSACTION UNDO
[2020.12.05-03.49.19:439][258]LogEditorTransaction: Undo Foliage Editing: Remove Mesh
[2020.12.05-03.49.19:629][261]Cmd: TRANSACTION UNDO
[2020.12.05-03.49.19:629][261]LogEditorTransaction: Undo Foliage Editing
[2020.12.05-03.49.19:845][266]Cmd: TRANSACTION UNDO
[2020.12.05-03.49.19:845][266]LogEditorTransaction: Undo Foliage Editing
[2020.12.05-03.49.20:004][271]Cmd: TRANSACTION UNDO
[2020.12.05-03.49.20:004][271]LogEditorTransaction: Undo Foliage Editing
[2020.12.05-03.49.20:835][319]Cmd: TRANSACTION UNDO
[2020.12.05-03.49.20:835][319]LogEditorTransaction: Undo Foliage Editing
[2020.12.05-03.49.35:103][412]Cmd: TRANSACTION UNDO
[2020.12.05-03.49.35:103][412]LogEditorTransaction: Undo Foliage Editing
[2020.12.05-03.50.15:074][469]Cmd: TRANSACTION UNDO
[2020.12.05-03.50.15:074][469]LogEditorTransaction: Undo Foliage Editing
[2020.12.05-03.50.15:358][476]Cmd: TRANSACTION UNDO
[2020.12.05-03.50.15:358][476]LogEditorTransaction: Undo Foliage Editing
[2020.12.05-03.50.54:244][995]Cmd: TRANSACTION UNDO
[2020.12.05-03.50.54:244][995]LogEditorTransaction: Undo Foliage Editing
[2020.12.05-03.50.54:475][  0]Cmd: TRANSACTION UNDO
[2020.12.05-03.50.54:475][  0]LogEditorTransaction: Undo Foliage Editing
[2020.12.05-03.51.07:224][203]Cmd: TRANSACTION UNDO
[2020.12.05-03.51.07:224][203]LogEditorTransaction: Undo Foliage Editing
[2020.12.05-03.51.09:007][310]Cmd: TRANSACTION UNDO
[2020.12.05-03.51.09:007][310]LogEditorTransaction: Undo Foliage Editing
[2020.12.05-03.51.09:342][325]Cmd: TRANSACTION UNDO
[2020.12.05-03.51.09:343][325]LogEditorTransaction: Undo Foliage Editing
[2020.12.05-03.51.09:560][342]Cmd: TRANSACTION UNDO
[2020.12.05-03.51.09:560][342]LogEditorTransaction: Undo Foliage Editing
[2020.12.05-03.51.11:792][535]Cmd: TRANSACTION UNDO
[2020.12.05-03.51.11:792][535]LogEditorTransaction: Undo Foliage Editing
[2020.12.05-03.51.12:015][556]Cmd: TRANSACTION UNDO
[2020.12.05-03.51.12:015][556]LogEditorTransaction: Undo Foliage Editing
[2020.12.05-03.51.12:210][574]Cmd: TRANSACTION UNDO
[2020.12.05-03.51.12:210][574]LogEditorTransaction: Undo Foliage Editing
[2020.12.05-03.51.12:411][594]Cmd: TRANSACTION UNDO
[2020.12.05-03.51.12:411][594]LogEditorTransaction: Undo Foliage Editing
[2020.12.05-03.51.12:654][619]Cmd: TRANSACTION UNDO
[2020.12.05-03.51.12:654][619]LogEditorTransaction: Undo Foliage Editing
[2020.12.05-03.51.13:229][678]Cmd: TRANSACTION UNDO
[2020.12.05-03.51.13:229][678]LogEditorTransaction: Undo Foliage Editing
[2020.12.05-03.51.18:229][ 77]Cmd: TRANSACTION UNDO
[2020.12.05-03.51.18:229][ 77]LogEditorTransaction: Undo Foliage Editing
[2020.12.05-03.51.24:272][549]Cmd: TRANSACTION UNDO
[2020.12.05-03.51.24:272][549]LogEditorTransaction: Undo Foliage Editing
[2020.12.05-03.51.26:139][720]Cmd: TRANSACTION UNDO
[2020.12.05-03.51.26:139][720]LogEditorTransaction: Undo Foliage Editing
[2020.12.05-03.51.31:149][191]Cmd: TRANSACTION UNDO
[2020.12.05-03.51.31:149][191]LogEditorTransaction: Undo Foliage Editing
[2020.12.05-03.51.35:267][628]Cmd: TRANSACTION UNDO
[2020.12.05-03.51.35:267][628]LogEditorTransaction: Undo Foliage Editing
[2020.12.05-03.52.15:446][575]Cmd: TRANSACTION UNDO
[2020.12.05-03.52.15:446][575]LogEditorTransaction: Undo Foliage Editing
[2020.12.05-03.52.15:693][581]Cmd: TRANSACTION UNDO
[2020.12.05-03.52.15:693][581]LogEditorTransaction: Undo Foliage Editing
[2020.12.05-03.52.15:911][586]Cmd: TRANSACTION UNDO
[2020.12.05-03.52.15:911][586]LogEditorTransaction: Undo Foliage Editing
[2020.12.05-03.52.38:855][217]LogEditorViewport: Clicking on Actor (double click): Landscape (Landscape1)
[2020.12.05-03.52.45:116][782]LogEditorViewport: Clicking on Actor (double click): Landscape (Landscape1)
[2020.12.05-03.52.50:726][332]LogTemp: Repeating last play command: Selected Viewport
[2020.12.05-03.52.50:733][332]LogPlayLevel: PlayLevel: No blueprints needed recompiling
[2020.12.05-03.52.50:733][332]PIE: New page: PIE session: Level_One (Dec 4, 2020, 3:52:50 PM)
[2020.12.05-03.52.50:775][332]LogPlayLevel: Creating play world package: /Game/FirstPersonBP/Maps/UEDPIE_0_Level_One
[2020.12.05-03.52.50:910][332]LogPlayLevel: PIE: StaticDuplicateObject took: (0.134437s)
[2020.12.05-03.52.50:912][332]LogAIModule: Creating AISystem for world Level_One
[2020.12.05-03.52.50:912][332]LogAISub: UAISubsystem::UAISubsystem EnvQueryManager (000002E30FAD5200), frame # 27332
[2020.12.05-03.52.50:912][332]LogAISub: UAISubsystem::UAISubsystem AIPerceptionSystem (000002E315BF3B00), frame # 27332
[2020.12.05-03.52.50:912][332]LogPlayLevel: PIE: World Init took: (0.001699s)
[2020.12.05-03.52.50:912][332]LogPlayLevel: PIE: Created PIE world by copying editor world from /Game/FirstPersonBP/Maps/Level_One.Level_One to /Game/FirstPersonBP/Maps/UEDPIE_0_Level_One.Level_One (0.136465s)
[2020.12.05-03.52.50:923][332]LogUObjectHash: Compacting FUObjectHashTables data took   0.93ms
[2020.12.05-03.52.50:927][332]LogAudioMixer: Display: Audio Mixer Platform Settings:
[2020.12.05-03.52.50:927][332]LogAudioMixer: Display: 	Sample Rate:						  48000
[2020.12.05-03.52.50:927][332]LogAudioMixer: Display: 	Callback Buffer Frame Size Requested: 1024
[2020.12.05-03.52.50:927][332]LogAudioMixer: Display: 	Callback Buffer Frame Size To Use:	  1024
[2020.12.05-03.52.50:927][332]LogAudioMixer: Display: 	Number of buffers to queue:			  2
[2020.12.05-03.52.50:927][332]LogAudioMixer: Display: 	Max Channels (voices):				  32
[2020.12.05-03.52.50:927][332]LogAudioMixer: Display: 	Number of Async Source Workers:		  0
[2020.12.05-03.52.50:927][332]LogAudio: Display: AudioDevice MaxSources: 32
[2020.12.05-03.52.50:927][332]LogAudio: Display: Using built-in audio occlusion.
[2020.12.05-03.52.50:927][332]LogAudioMixer: Display: Initializing audio mixer.
[2020.12.05-03.52.50:932][332]LogAudioMixer: Display: 0: FrontLeft
[2020.12.05-03.52.50:932][332]LogAudioMixer: Display: 1: FrontRight
[2020.12.05-03.52.50:954][332]LogAudioMixer: Display: Using Audio Device Speakers (High Definition Audio Device)
[2020.12.05-03.52.50:955][332]LogAudioMixer: Display: Initializing Sound Submixes...
[2020.12.05-03.52.50:955][332]LogAudioMixer: Display: Creating Master Submix 'MasterSubmixDefault'
[2020.12.05-03.52.50:955][332]LogAudioMixer: Display: Creating Master Submix 'MasterReverbSubmixDefault'
[2020.12.05-03.52.50:956][332]LogAudioMixer: Display: Creating Master Submix 'MasterEQSubmixDefault'
[2020.12.05-03.52.50:968][332]LogInit: FAudioDevice initialized.
[2020.12.05-03.52.50:976][332]LogLoad: Game class is 'FirstPersonGameMode_C'
[2020.12.05-03.52.51:008][332]LogWorld: Bringing World /Game/FirstPersonBP/Maps/UEDPIE_0_Level_One.Level_One up for play (max tick rate 0) at 2020.12.04-21.52.51
[2020.12.05-03.52.51:009][332]LogWorld: Bringing up level for play took: 0.031252
[2020.12.05-03.52.51:009][332]LogOnline: OSS: Creating online subsystem instance for: :Context_5
[2020.12.05-03.52.51:014][332]PIE: Server logged in
[2020.12.05-03.52.51:015][332]PIE: Play in editor total start time 0.285 seconds.
[2020.12.05-03.52.57:159][ 29]LogSlate: Updating window title bar state: overlay mode, drag disabled, window buttons hidden, title bar hidden
[2020.12.05-03.52.57:159][ 29]LogWorld: BeginTearingDown for /Game/FirstPersonBP/Maps/UEDPIE_0_Level_One
[2020.12.05-03.52.57:159][ 29]LogWorld: UWorld::CleanupWorld for Level_One, bSessionEnded=true, bCleanupResources=true
[2020.12.05-03.52.57:164][ 29]LogSlate: InvalidateAllWidgets triggered.  All widgets were invalidated
[2020.12.05-03.52.57:169][ 29]LogPlayLevel: Display: Shutting down PIE online subsystems
[2020.12.05-03.52.57:172][ 29]LogSlate: InvalidateAllWidgets triggered.  All widgets were invalidated
[2020.12.05-03.52.57:202][ 29]LogSlate: Updating window title bar state: overlay mode, drag disabled, window buttons hidden, title bar hidden
[2020.12.05-03.52.57:205][ 29]LogAISub: UAISubsystem::~UAISubsystem AIPerceptionSystem (000002E315BF3B00), frame # 28029
[2020.12.05-03.52.57:205][ 29]LogAISub: UAISubsystem::~UAISubsystem EnvQueryManager (000002E30FAD5200), frame # 28029
[2020.12.05-03.52.57:209][ 29]LogUObjectHash: Compacting FUObjectHashTables data took   0.69ms
[2020.12.05-03.52.57:246][ 30]LogPlayLevel: Display: Destroying online subsystem :Context_5
[2020.12.05-03.54.19:512][283]LogTemp: Repeating last play command: Selected Viewport
[2020.12.05-03.54.19:520][283]LogPlayLevel: PlayLevel: No blueprints needed recompiling
[2020.12.05-03.54.19:520][283]PIE: New page: PIE session: Level_One (Dec 4, 2020, 3:54:19 PM)
[2020.12.05-03.54.19:520][283]LogPlayLevel: Creating play world package: /Game/FirstPersonBP/Maps/UEDPIE_0_Level_One
[2020.12.05-03.54.19:687][283]LogPlayLevel: PIE: StaticDuplicateObject took: (0.167757s)
[2020.12.05-03.54.19:689][283]LogAIModule: Creating AISystem for world Level_One
[2020.12.05-03.54.19:689][283]LogAISub: UAISubsystem::UAISubsystem EnvQueryManager (000002E329D7BC00), frame # 34283
[2020.12.05-03.54.19:689][283]LogAISub: UAISubsystem::UAISubsystem AIPerceptionSystem (000002E303929F80), frame # 34283
[2020.12.05-03.54.19:689][283]LogPlayLevel: PIE: World Init took: (0.001821s)
[2020.12.05-03.54.19:689][283]LogPlayLevel: PIE: Created PIE world by copying editor world from /Game/FirstPersonBP/Maps/Level_One.Level_One to /Game/FirstPersonBP/Maps/UEDPIE_0_Level_One.Level_One (0.169822s)
[2020.12.05-03.54.19:699][283]LogUObjectHash: Compacting FUObjectHashTables data took   0.68ms
[2020.12.05-03.54.19:701][283]LogAudioMixer: Display: Audio Mixer Platform Settings:
[2020.12.05-03.54.19:701][283]LogAudioMixer: Display: 	Sample Rate:						  48000
[2020.12.05-03.54.19:701][283]LogAudioMixer: Display: 	Callback Buffer Frame Size Requested: 1024
[2020.12.05-03.54.19:701][283]LogAudioMixer: Display: 	Callback Buffer Frame Size To Use:	  1024
[2020.12.05-03.54.19:701][283]LogAudioMixer: Display: 	Number of buffers to queue:			  2
[2020.12.05-03.54.19:701][283]LogAudioMixer: Display: 	Max Channels (voices):				  32
[2020.12.05-03.54.19:701][283]LogAudioMixer: Display: 	Number of Async Source Workers:		  0
[2020.12.05-03.54.19:701][283]LogAudio: Display: AudioDevice MaxSources: 32
[2020.12.05-03.54.19:701][283]LogAudio: Display: Using built-in audio occlusion.
[2020.12.05-03.54.19:701][283]LogAudioMixer: Display: Initializing audio mixer.
[2020.12.05-03.54.19:706][283]LogAudioMixer: Display: 0: FrontLeft
[2020.12.05-03.54.19:706][283]LogAudioMixer: Display: 1: FrontRight
[2020.12.05-03.54.19:726][283]LogAudioMixer: Display: Using Audio Device Speakers (High Definition Audio Device)
[2020.12.05-03.54.19:727][283]LogAudioMixer: Display: Initializing Sound Submixes...
[2020.12.05-03.54.19:727][283]LogAudioMixer: Display: Creating Master Submix 'MasterSubmixDefault'
[2020.12.05-03.54.19:727][283]LogAudioMixer: Display: Creating Master Submix 'MasterReverbSubmixDefault'
[2020.12.05-03.54.19:727][283]LogAudioMixer: Display: Creating Master Submix 'MasterEQSubmixDefault'
[2020.12.05-03.54.19:736][283]LogInit: FAudioDevice initialized.
[2020.12.05-03.54.19:749][283]LogLoad: Game class is 'FirstPersonGameMode_C'
[2020.12.05-03.54.19:780][283]LogWorld: Bringing World /Game/FirstPersonBP/Maps/UEDPIE_0_Level_One.Level_One up for play (max tick rate 0) at 2020.12.04-21.54.19
[2020.12.05-03.54.19:780][283]LogWorld: Bringing up level for play took: 0.030188
[2020.12.05-03.54.19:780][283]LogOnline: OSS: Creating online subsystem instance for: :Context_6
[2020.12.05-03.54.19:785][283]PIE: Server logged in
[2020.12.05-03.54.19:786][283]PIE: Play in editor total start time 0.271 seconds.
[2020.12.05-03.54.35:769][999]LogSlate: Updating window title bar state: overlay mode, drag disabled, window buttons hidden, title bar hidden
[2020.12.05-03.54.35:769][999]LogWorld: BeginTearingDown for /Game/FirstPersonBP/Maps/UEDPIE_0_Level_One
[2020.12.05-03.54.35:769][999]LogWorld: UWorld::CleanupWorld for Level_One, bSessionEnded=true, bCleanupResources=true
[2020.12.05-03.54.35:776][999]LogSlate: InvalidateAllWidgets triggered.  All widgets were invalidated
[2020.12.05-03.54.35:781][999]LogPlayLevel: Display: Shutting down PIE online subsystems
[2020.12.05-03.54.35:783][999]LogSlate: InvalidateAllWidgets triggered.  All widgets were invalidated
[2020.12.05-03.54.35:799][999]LogSlate: Updating window title bar state: overlay mode, drag disabled, window buttons hidden, title bar hidden
[2020.12.05-03.54.35:817][999]LogAISub: UAISubsystem::~UAISubsystem AIPerceptionSystem (000002E303929F80), frame # 34999
[2020.12.05-03.54.35:817][999]LogAISub: UAISubsystem::~UAISubsystem EnvQueryManager (000002E329D7BC00), frame # 34999
[2020.12.05-03.54.35:820][999]LogUObjectHash: Compacting FUObjectHashTables data took   0.72ms
[2020.12.05-03.54.35:857][  0]LogPlayLevel: Display: Destroying online subsystem :Context_6
[2020.12.05-03.54.51:043][279]LogSlate: Took 0.000330 seconds to synchronously load lazily loaded font '../../../Engine/Content/Slate/Fonts/DroidSansMono.ttf' (77K)
[2020.12.05-03.54.54:989][324]Cmd: stat fps
[2020.12.05-03.55.46:549][998]LogUObjectHash: Compacting FUObjectHashTables data took   0.68ms
[2020.12.05-03.55.48:047][998]LogSavePackage: Moving 'D:/Projects/Winter_Game_Jam/Winter_Game_Jam/Saved/Level_One_Auto1383CE11447BA15AE1E21B3A1318D281C.tmp' to 'D:/Projects/Winter_Game_Jam/Winter_Game_Jam/Saved/Autosaves/Game/FirstPersonBP/Maps/Level_One_Auto1.umap'
[2020.12.05-03.55.48:049][998]LogFileHelpers: Editor autosave (incl. sublevels) for '/Game/FirstPersonBP/Maps/Level_One' took 1.512
[2020.12.05-03.55.48:049][998]LogFileHelpers: Editor autosave (incl. sublevels) for all levels took 1.512
[2020.12.05-03.56.30:736][233]Cmd: OBJ SAVEPACKAGE PACKAGE="/Game/FirstPersonBP/Maps/Level_One" FILE="D:/Projects/Winter_Game_Jam/Winter_Game_Jam/Content/FirstPersonBP/Maps/Level_One.umap" SILENT=true AUTOSAVING=false KEEPDIRTY=false
[2020.12.05-03.56.30:746][233]LogUObjectHash: Compacting FUObjectHashTables data took   0.27ms
[2020.12.05-03.56.32:201][233]LogSavePackage: Moving 'D:/Projects/Winter_Game_Jam/Winter_Game_Jam/Saved/Level_One15458FEE4DFABD6E305FA180AE28EC84.tmp' to 'D:/Projects/Winter_Game_Jam/Winter_Game_Jam/Content/FirstPersonBP/Maps/Level_One.umap'
[2020.12.05-03.56.32:212][233]Cmd: OBJ SAVEPACKAGE PACKAGE="/Game/FirstPersonBP/Maps/Level_One_BuiltData" FILE="D:/Projects/Winter_Game_Jam/Winter_Game_Jam/Content/FirstPersonBP/Maps/Level_One_BuiltData.uasset" SILENT=true
[2020.12.05-03.56.32:221][233]LogSavePackage: Moving 'D:/Projects/Winter_Game_Jam/Winter_Game_Jam/Saved/Level_One_BuiltData469B290E409D93BDD919C08E92FF8110.tmp' to 'D:/Projects/Winter_Game_Jam/Winter_Game_Jam/Content/FirstPersonBP/Maps/Level_One_BuiltData.uasset'
[2020.12.05-03.56.32:261][233]AssetCheck: New page: Asset Save: multiple assets
[2020.12.05-03.56.32:261][233]LogContentValidation: Display: Validating World /Game/FirstPersonBP/Maps/Level_One.Level_One
[2020.12.05-03.56.32:261][233]LogContentValidation: Display: Validating MapBuildDataRegistry /Game/FirstPersonBP/Maps/Level_One_BuiltData.Level_One_BuiltData
